This is pdfTeX, Version 3.1415926-1.40.10 (TeX Live 2009/Debian) (format=pdflatex 2011.9.15)  23 OCT 2011 15:33
entering extended mode
 %&-line parsing enabled.
**railscms.tex
(./railscms.tex
LaTeX2e <2009/09/24>
Babel <v3.8l> and hyphenation patterns for english, usenglishmax, dumylang, noh
yphenation, farsi, arabic, croatian, bulgarian, ukrainian, russian, czech, slov
ak, danish, dutch, finnish, french, basque, ngerman, german, german-x-2009-06-1
9, ngerman-x-2009-06-19, ibycus, monogreek, greek, ancientgreek, hungarian, san
skrit, italian, latin, latvian, lithuanian, mongolian2a, mongolian, bokmal, nyn
orsk, romanian, irish, coptic, serbian, turkish, welsh, esperanto, uppersorbian
, estonian, indonesian, interlingua, icelandic, kurmanji, slovenian, polish, po
rtuguese, spanish, galician, catalan, swedish, ukenglish, pinyin, loaded.
(./chapters/header.tex
(/usr/share/texmf-texlive/tex/latex/koma-script/scrbook.cls
Document Class: scrbook 2009/07/24 v3.04a KOMA-Script document class (book)
(/usr/share/texmf-texlive/tex/latex/koma-script/scrkbase.sty
Package: scrkbase 2009/07/24 v3.04a KOMA-Script package (KOMA-Script-dependent 
basics and keyval usage)

(/usr/share/texmf-texlive/tex/latex/koma-script/scrbase.sty
Package: scrbase 2009/07/24 v3.04a KOMA-Script package (KOMA-Script-independent
 basics and keyval usage)

(/usr/share/texmf-texlive/tex/latex/graphics/keyval.sty
Package: keyval 1999/03/16 v1.13 key=value parser (DPC)
\KV@toks@=\toks14
)
(/usr/share/texmf-texlive/tex/latex/koma-script/scrlfile.sty
Package: scrlfile 2009/03/25 v3.03 KOMA-Script package (loading files)

Package scrlfile, 2009/03/25 v3.03 KOMA-Script package (loading files)
                  Copyright (C) Markus Kohm

))) (/usr/share/texmf-texlive/tex/latex/koma-script/tocbasic.sty
Package: tocbasic 2009/06/08 v3.03b KOMA-Script package (handling toc-files)
)
Package tocbasic Info: omitting babel extension for `toc'
(tocbasic)             because of feature `nobabel' available
(tocbasic)             for `toc' on input line 117.
Package tocbasic Info: omitting babel extension for `lof'
(tocbasic)             because of feature `nobabel' available
(tocbasic)             for `lof' on input line 118.
Package tocbasic Info: omitting babel extension for `lot'
(tocbasic)             because of feature `nobabel' available
(tocbasic)             for `lot' on input line 119.
Class scrbook Info: You've used standard option `oneside'.
(scrbook)           This is correct!
(scrbook)           Internaly I'm using `twoside=false'.
(scrbook)           If you'd like to set the option with \KOMAoptions,
(scrbook)           you'd have to use `twoside=false' there
(scrbook)           instead of `oneside', too.
Package scrbook Info: You've used obsolete option `12pt'.
(scrbook)             \KOMAExecuteOptions{fontsize=12pt} will be
(scrbook)             used instead.
(scrbook)             You may simply replace `12pt'
(scrbook)             by `fontsize=12pt'.


Class scrbook Warning: You've used obsolete option `bibtotocnumbered'.
(scrbook)              Usage of this option indicates an old document and
(scrbook)              changes compatibility level using
(scrbook)              `bibliography=totocnumbered,version=first'.
(scrbook)              If you don't want this, you should simply replace
(scrbook)              usage of option `bibtotocnumbered' by `bibliography=toto
cnumbered'.

Class scrbook Info: Switching compatibility level to `first'.
Class scrbook Info: File `scrsize12pt.clo' used to setup font sizes on input li
ne 1272.
(/usr/share/texmf-texlive/tex/latex/koma-script/scrsize12pt.clo
File: scrsize12pt.clo 2009/07/24 v3.04a KOMA-Script font size class option (12p
t)
)
(/usr/share/texmf-texlive/tex/latex/koma-script/typearea.sty
Package: typearea 2009/07/24 v3.04a KOMA-Script package (type area)

Package typearea, 2009/07/24 v3.04a KOMA-Script package (type area)
                  Copyright (C) Frank Neukam, 1992-1994
                  Copyright (C) Markus Kohm, 1994-

\ta@bcor=\skip41
\ta@div=\count79
Package typearea Info: You've used standard option `pdftex'.
(typearea)             This is correct!
(typearea)             Internaly I'm using `pagesize=pdftex'.
(typearea)             If you'd like to set the option with \KOMAoptions,
(typearea)             you'd have to use `pagesize=pdftex' there
(typearea)             instead of `pdftex', too.
Package typearea Info: You've used standard option `a4paper'.
(typearea)             This is correct!
(typearea)             Internaly I'm using `paper=a4'.
(typearea)             If you'd like to set the option with \KOMAoptions,
(typearea)             you'd have to use `paper=a4' there
(typearea)             instead of `a4paper', too.
Package typearea Info: You've used standard option `oneside'.
(typearea)             This is correct!
(typearea)             Internaly I'm using `twoside=false'.
(typearea)             If you'd like to set the option with \KOMAoptions,
(typearea)             you'd have to use `twoside=false' there
(typearea)             instead of `oneside', too.
\ta@hblk=\skip42
\ta@vblk=\skip43
\ta@temp=\skip44
Package typearea Info: These are the values describing the layout:
(typearea)             DIV  = 12
(typearea)             BCOR = 0.0pt
(typearea)             \paperwidth      = 597.50793pt
(typearea)              \textwidth      = 448.13095pt
(typearea)              DIV departure   = -6%
(typearea)              \evensidemargin = 2.4185pt
(typearea)              \oddsidemargin  = 2.4185pt
(typearea)             \paperheight     = 845.04694pt
(typearea)              \textheight     = 606.5pt
(typearea)              \topmargin      = -1.84941pt
(typearea)              \headheight     = 18.125pt
(typearea)              \headsep        = 21.75pt
(typearea)              \topskip        = 12.0pt
(typearea)              \footskip       = 50.75pt
(typearea)              \baselineskip   = 14.5pt
(typearea)              on input line 1115.
)
\c@part=\count80
\c@chapter=\count81
\c@section=\count82
\c@subsection=\count83
\c@subsubsection=\count84
\c@paragraph=\count85
\c@subparagraph=\count86
\abovecaptionskip=\skip45
\belowcaptionskip=\skip46
\c@pti@nb@sid@b@x=\box26
\c@figure=\count87
\c@table=\count88
\bibindent=\dimen102
) (/usr/share/texmf-texlive/tex/latex/base/inputenc.sty
Package: inputenc 2008/03/30 v1.1d Input encoding file
\inpenc@prehook=\toks15
\inpenc@posthook=\toks16

(/usr/share/texmf-texlive/tex/latex/base/utf8.def
File: utf8.def 2008/04/05 v1.1m UTF-8 support for inputenc
Now handling font encoding OML ...
... no UTF-8 mapping file for font encoding OML
Now handling font encoding T1 ...
... processing UTF-8 mapping file for font encoding T1

(/usr/share/texmf-texlive/tex/latex/base/t1enc.dfu
File: t1enc.dfu 2008/04/05 v1.1m UTF-8 support for inputenc
   defining Unicode char U+00A1 (decimal 161)
   defining Unicode char U+00A3 (decimal 163)
   defining Unicode char U+00AB (decimal 171)
   defining Unicode char U+00BB (decimal 187)
   defining Unicode char U+00BF (decimal 191)
   defining Unicode char U+00C0 (decimal 192)
   defining Unicode char U+00C1 (decimal 193)
   defining Unicode char U+00C2 (decimal 194)
   defining Unicode char U+00C3 (decimal 195)
   defining Unicode char U+00C4 (decimal 196)
   defining Unicode char U+00C5 (decimal 197)
   defining Unicode char U+00C6 (decimal 198)
   defining Unicode char U+00C7 (decimal 199)
   defining Unicode char U+00C8 (decimal 200)
   defining Unicode char U+00C9 (decimal 201)
   defining Unicode char U+00CA (decimal 202)
   defining Unicode char U+00CB (decimal 203)
   defining Unicode char U+00CC (decimal 204)
   defining Unicode char U+00CD (decimal 205)
   defining Unicode char U+00CE (decimal 206)
   defining Unicode char U+00CF (decimal 207)
   defining Unicode char U+00D0 (decimal 208)
   defining Unicode char U+00D1 (decimal 209)
   defining Unicode char U+00D2 (decimal 210)
   defining Unicode char U+00D3 (decimal 211)
   defining Unicode char U+00D4 (decimal 212)
   defining Unicode char U+00D5 (decimal 213)
   defining Unicode char U+00D6 (decimal 214)
   defining Unicode char U+00D8 (decimal 216)
   defining Unicode char U+00D9 (decimal 217)
   defining Unicode char U+00DA (decimal 218)
   defining Unicode char U+00DB (decimal 219)
   defining Unicode char U+00DC (decimal 220)
   defining Unicode char U+00DD (decimal 221)
   defining Unicode char U+00DE (decimal 222)
   defining Unicode char U+00DF (decimal 223)
   defining Unicode char U+00E0 (decimal 224)
   defining Unicode char U+00E1 (decimal 225)
   defining Unicode char U+00E2 (decimal 226)
   defining Unicode char U+00E3 (decimal 227)
   defining Unicode char U+00E4 (decimal 228)
   defining Unicode char U+00E5 (decimal 229)
   defining Unicode char U+00E6 (decimal 230)
   defining Unicode char U+00E7 (decimal 231)
   defining Unicode char U+00E8 (decimal 232)
   defining Unicode char U+00E9 (decimal 233)
   defining Unicode char U+00EA (decimal 234)
   defining Unicode char U+00EB (decimal 235)
   defining Unicode char U+00EC (decimal 236)
   defining Unicode char U+00ED (decimal 237)
   defining Unicode char U+00EE (decimal 238)
   defining Unicode char U+00EF (decimal 239)
   defining Unicode char U+00F0 (decimal 240)
   defining Unicode char U+00F1 (decimal 241)
   defining Unicode char U+00F2 (decimal 242)
   defining Unicode char U+00F3 (decimal 243)
   defining Unicode char U+00F4 (decimal 244)
   defining Unicode char U+00F5 (decimal 245)
   defining Unicode char U+00F6 (decimal 246)
   defining Unicode char U+00F8 (decimal 248)
   defining Unicode char U+00F9 (decimal 249)
   defining Unicode char U+00FA (decimal 250)
   defining Unicode char U+00FB (decimal 251)
   defining Unicode char U+00FC (decimal 252)
   defining Unicode char U+00FD (decimal 253)
   defining Unicode char U+00FE (decimal 254)
   defining Unicode char U+00FF (decimal 255)
   defining Unicode char U+0102 (decimal 258)
   defining Unicode char U+0103 (decimal 259)
   defining Unicode char U+0104 (decimal 260)
   defining Unicode char U+0105 (decimal 261)
   defining Unicode char U+0106 (decimal 262)
   defining Unicode char U+0107 (decimal 263)
   defining Unicode char U+010C (decimal 268)
   defining Unicode char U+010D (decimal 269)
   defining Unicode char U+010E (decimal 270)
   defining Unicode char U+010F (decimal 271)
   defining Unicode char U+0110 (decimal 272)
   defining Unicode char U+0111 (decimal 273)
   defining Unicode char U+0118 (decimal 280)
   defining Unicode char U+0119 (decimal 281)
   defining Unicode char U+011A (decimal 282)
   defining Unicode char U+011B (decimal 283)
   defining Unicode char U+011E (decimal 286)
   defining Unicode char U+011F (decimal 287)
   defining Unicode char U+0130 (decimal 304)
   defining Unicode char U+0131 (decimal 305)
   defining Unicode char U+0132 (decimal 306)
   defining Unicode char U+0133 (decimal 307)
   defining Unicode char U+0139 (decimal 313)
   defining Unicode char U+013A (decimal 314)
   defining Unicode char U+013D (decimal 317)
   defining Unicode char U+013E (decimal 318)
   defining Unicode char U+0141 (decimal 321)
   defining Unicode char U+0142 (decimal 322)
   defining Unicode char U+0143 (decimal 323)
   defining Unicode char U+0144 (decimal 324)
   defining Unicode char U+0147 (decimal 327)
   defining Unicode char U+0148 (decimal 328)
   defining Unicode char U+014A (decimal 330)
   defining Unicode char U+014B (decimal 331)
   defining Unicode char U+0150 (decimal 336)
   defining Unicode char U+0151 (decimal 337)
   defining Unicode char U+0152 (decimal 338)
   defining Unicode char U+0153 (decimal 339)
   defining Unicode char U+0154 (decimal 340)
   defining Unicode char U+0155 (decimal 341)
   defining Unicode char U+0158 (decimal 344)
   defining Unicode char U+0159 (decimal 345)
   defining Unicode char U+015A (decimal 346)
   defining Unicode char U+015B (decimal 347)
   defining Unicode char U+015E (decimal 350)
   defining Unicode char U+015F (decimal 351)
   defining Unicode char U+0160 (decimal 352)
   defining Unicode char U+0161 (decimal 353)
   defining Unicode char U+0162 (decimal 354)
   defining Unicode char U+0163 (decimal 355)
   defining Unicode char U+0164 (decimal 356)
   defining Unicode char U+0165 (decimal 357)
   defining Unicode char U+016E (decimal 366)
   defining Unicode char U+016F (decimal 367)
   defining Unicode char U+0170 (decimal 368)
   defining Unicode char U+0171 (decimal 369)
   defining Unicode char U+0178 (decimal 376)
   defining Unicode char U+0179 (decimal 377)
   defining Unicode char U+017A (decimal 378)
   defining Unicode char U+017B (decimal 379)
   defining Unicode char U+017C (decimal 380)
   defining Unicode char U+017D (decimal 381)
   defining Unicode char U+017E (decimal 382)
   defining Unicode char U+200C (decimal 8204)
   defining Unicode char U+2013 (decimal 8211)
   defining Unicode char U+2014 (decimal 8212)
   defining Unicode char U+2018 (decimal 8216)
   defining Unicode char U+2019 (decimal 8217)
   defining Unicode char U+201A (decimal 8218)
   defining Unicode char U+201C (decimal 8220)
   defining Unicode char U+201D (decimal 8221)
   defining Unicode char U+201E (decimal 8222)
   defining Unicode char U+2030 (decimal 8240)
   defining Unicode char U+2031 (decimal 8241)
   defining Unicode char U+2039 (decimal 8249)
   defining Unicode char U+203A (decimal 8250)
   defining Unicode char U+2423 (decimal 9251)
)
Now handling font encoding OT1 ...
... processing UTF-8 mapping file for font encoding OT1

(/usr/share/texmf-texlive/tex/latex/base/ot1enc.dfu
File: ot1enc.dfu 2008/04/05 v1.1m UTF-8 support for inputenc
   defining Unicode char U+00A1 (decimal 161)
   defining Unicode char U+00A3 (decimal 163)
   defining Unicode char U+00B8 (decimal 184)
   defining Unicode char U+00BF (decimal 191)
   defining Unicode char U+00C5 (decimal 197)
   defining Unicode char U+00C6 (decimal 198)
   defining Unicode char U+00D8 (decimal 216)
   defining Unicode char U+00DF (decimal 223)
   defining Unicode char U+00E6 (decimal 230)
   defining Unicode char U+00EC (decimal 236)
   defining Unicode char U+00ED (decimal 237)
   defining Unicode char U+00EE (decimal 238)
   defining Unicode char U+00EF (decimal 239)
   defining Unicode char U+00F8 (decimal 248)
   defining Unicode char U+0131 (decimal 305)
   defining Unicode char U+0141 (decimal 321)
   defining Unicode char U+0142 (decimal 322)
   defining Unicode char U+0152 (decimal 338)
   defining Unicode char U+0153 (decimal 339)
   defining Unicode char U+2013 (decimal 8211)
   defining Unicode char U+2014 (decimal 8212)
   defining Unicode char U+2018 (decimal 8216)
   defining Unicode char U+2019 (decimal 8217)
   defining Unicode char U+201C (decimal 8220)
   defining Unicode char U+201D (decimal 8221)
)
Now handling font encoding OMS ...
... processing UTF-8 mapping file for font encoding OMS

(/usr/share/texmf-texlive/tex/latex/base/omsenc.dfu
File: omsenc.dfu 2008/04/05 v1.1m UTF-8 support for inputenc
   defining Unicode char U+00A7 (decimal 167)
   defining Unicode char U+00B6 (decimal 182)
   defining Unicode char U+00B7 (decimal 183)
   defining Unicode char U+2020 (decimal 8224)
   defining Unicode char U+2021 (decimal 8225)
   defining Unicode char U+2022 (decimal 8226)
)
Now handling font encoding OMX ...
... no UTF-8 mapping file for font encoding OMX
Now handling font encoding U ...
... no UTF-8 mapping file for font encoding U
   defining Unicode char U+00A9 (decimal 169)
   defining Unicode char U+00AA (decimal 170)
   defining Unicode char U+00AE (decimal 174)
   defining Unicode char U+00BA (decimal 186)
   defining Unicode char U+02C6 (decimal 710)
   defining Unicode char U+02DC (decimal 732)
   defining Unicode char U+200C (decimal 8204)
   defining Unicode char U+2026 (decimal 8230)
   defining Unicode char U+2122 (decimal 8482)
   defining Unicode char U+2423 (decimal 9251)
))
(/usr/share/texmf-texlive/tex/latex/base/fontenc.sty
Package: fontenc 2005/09/27 v1.99g Standard LaTeX package

(/usr/share/texmf-texlive/tex/latex/base/t1enc.def
File: t1enc.def 2005/09/27 v1.99g Standard LaTeX file
LaTeX Font Info:    Redeclaring font encoding T1 on input line 43.
))
(/usr/share/texmf-texlive/tex/latex/setspace/setspace.sty
Package: setspace 2000/12/01 6.7 Contributed and Supported LaTeX2e package

Package: `setspace' 6.7 <2000/12/01>
) (/usr/share/texmf-texlive/tex/latex/base/makeidx.sty
Package: makeidx 2000/03/29 v1.0m Standard LaTeX package
)
(/var/lib/texmf/tex/generic/babel/babel.sty
Package: babel 2008/07/06 v3.8l The Babel package

(/usr/share/texmf-texlive/tex/generic/babel/ngermanb.ldf
Language: ngermanb 2008/07/06 v2.6n new German support from the babel system

(/usr/share/texmf-texlive/tex/generic/babel/babel.def
File: babel.def 2008/07/06 v3.8l Babel common definitions
\babel@savecnt=\count89
\U@D=\dimen103
)
\l@naustrian = a dialect from \language\l@ngerman 
Package babel Info: Making " an active character on input line 92.
))
(/usr/share/texmf-texlive/tex/latex/csquotes/csquotes.sty
Package: csquotes 2009/09/23 v4.4c context-sensitive quotations

(/usr/share/texmf-texlive/tex/latex/etoolbox/etoolbox.sty
Package: etoolbox 2009/08/06 v1.8 e-TeX tools for LaTeX

(/usr/share/texmf-texlive/tex/latex/etex-pkg/etex.sty
Package: etex 1998/03/26 v2.0 eTeX basic definition package (PEB)
\et@xins=\count90
))
\csq@reset=\count91
\csq@gtype=\count92
\csq@glevel=\count93
\csq@qlevel=\count94
\csq@maxlvl=\count95
\csq@tshold=\count96
\csq@ltx@everypar=\toks17

(/usr/share/texmf-texlive/tex/latex/csquotes/csquotes.def
File: csquotes.def 2009/09/23 v4.4c csquotes generic definitions
)
Package csquotes Info: Trying to load configuration file 'csquotes.cfg'...
Package csquotes Info: ... configuration file loaded successfully.

(/usr/share/texmf-texlive/tex/latex/csquotes/csquotes.cfg
File: csquotes.cfg 2009/05/30 v4.4 csquotes configuration
)
Package csquotes Info: Disabling multilingual support.
Package csquotes Info: Redefining alias 'default' -> 'swiss'.
)
(/usr/share/texmf-texlive/tex/latex/tools/array.sty
Package: array 2008/09/09 v2.4c Tabular extension package (FMi)
\col@sep=\dimen104
\extrarowheight=\dimen105
\NC@list=\toks18
\extratabsurround=\skip47
\backup@length=\skip48
)
(/usr/share/texmf-texlive/tex/latex/graphics/graphicx.sty
Package: graphicx 1999/02/16 v1.0f Enhanced LaTeX Graphics (DPC,SPQR)

(/usr/share/texmf-texlive/tex/latex/graphics/graphics.sty
Package: graphics 2009/02/05 v1.0o Standard LaTeX Graphics (DPC,SPQR)

(/usr/share/texmf-texlive/tex/latex/graphics/trig.sty
Package: trig 1999/03/16 v1.09 sin cos tan (DPC)
)
(/etc/texmf/tex/latex/config/graphics.cfg
File: graphics.cfg 2009/08/28 v1.8 graphics configuration of TeX Live
)
Package graphics Info: Driver file: pdftex.def on input line 91.

(/usr/share/texmf-texlive/tex/latex/pdftex-def/pdftex.def
File: pdftex.def 2009/08/25 v0.04m Graphics/color for pdfTeX
\Gread@gobject=\count97
))
\Gin@req@height=\dimen106
\Gin@req@width=\dimen107
)
(/usr/share/texmf-texlive/tex/latex/amsmath/amsmath.sty
Package: amsmath 2000/07/18 v2.13 AMS math features
\@mathmargin=\skip49

For additional information on amsmath, use the `?' option.
(/usr/share/texmf-texlive/tex/latex/amsmath/amstext.sty
Package: amstext 2000/06/29 v2.01

(/usr/share/texmf-texlive/tex/latex/amsmath/amsgen.sty
File: amsgen.sty 1999/11/30 v2.0
\@emptytoks=\toks19
\ex@=\dimen108
))
(/usr/share/texmf-texlive/tex/latex/amsmath/amsbsy.sty
Package: amsbsy 1999/11/29 v1.2d
\pmbraise@=\dimen109
)
(/usr/share/texmf-texlive/tex/latex/amsmath/amsopn.sty
Package: amsopn 1999/12/14 v2.01 operator names
)
\inf@bad=\count98
LaTeX Info: Redefining \frac on input line 211.
\uproot@=\count99
\leftroot@=\count100
LaTeX Info: Redefining \overline on input line 307.
\classnum@=\count101
\DOTSCASE@=\count102
LaTeX Info: Redefining \ldots on input line 379.
LaTeX Info: Redefining \dots on input line 382.
LaTeX Info: Redefining \cdots on input line 467.
\Mathstrutbox@=\box27
\strutbox@=\box28
\big@size=\dimen110
LaTeX Font Info:    Redeclaring font encoding OML on input line 567.
LaTeX Font Info:    Redeclaring font encoding OMS on input line 568.
\macc@depth=\count103
\c@MaxMatrixCols=\count104
\dotsspace@=\muskip10
\c@parentequation=\count105
\dspbrk@lvl=\count106
\tag@help=\toks20
\row@=\count107
\column@=\count108
\maxfields@=\count109
\andhelp@=\toks21
\eqnshift@=\dimen111
\alignsep@=\dimen112
\tagshift@=\dimen113
\tagwidth@=\dimen114
\totwidth@=\dimen115
\lineht@=\dimen116
\@envbody=\toks22
\multlinegap=\skip50
\multlinetaggap=\skip51
\mathdisplay@stack=\toks23
LaTeX Info: Redefining \[ on input line 2666.
LaTeX Info: Redefining \] on input line 2667.
)
(/usr/share/texmf-texlive/tex/latex/amsfonts/amssymb.sty
Package: amssymb 2009/06/22 v3.00

(/usr/share/texmf-texlive/tex/latex/amsfonts/amsfonts.sty
Package: amsfonts 2009/06/22 v3.00 Basic AMSFonts support
\symAMSa=\mathgroup4
\symAMSb=\mathgroup5
LaTeX Font Info:    Overwriting math alphabet `\mathfrak' in version `bold'
(Font)                  U/euf/m/n --> U/euf/b/n on input line 96.
))
(/usr/share/texmf-texlive/tex/latex/doublestroke/dsfont.sty
Package: dsfont 1995/08/01 v0.1 Double stroke roman fonts
)
(/usr/share/texmf-texlive/tex/latex/rotating/rotating.sty
Package: rotating 2009/03/28 v2.16a rotated objects in LaTeX

(/usr/share/texmf-texlive/tex/latex/base/ifthen.sty
Package: ifthen 2001/05/26 v1.1c Standard LaTeX ifthen package (DPC)
)
\c@r@tfl@t=\count110
\rotFPtop=\skip52
\rotFPbot=\skip53
\rot@float@box=\box29
\rot@mess@toks=\toks24
)
(/usr/share/texmf-texlive/tex/latex/graphics/color.sty
Package: color 2005/11/14 v1.0j Standard LaTeX Color (DPC)

(/etc/texmf/tex/latex/config/color.cfg
File: color.cfg 2007/01/18 v1.5 color configuration of teTeX/TeXLive
)
Package color Info: Driver file: pdftex.def on input line 130.
)
(/usr/share/texmf-texlive/tex/latex/hyperref/hyperref.sty
Package: hyperref 2009/10/09 v6.79a Hypertext links for LaTeX

(/usr/share/texmf-texlive/tex/generic/oberdiek/ifpdf.sty
Package: ifpdf 2009/04/10 v2.0 Provides the ifpdf switch (HO)
Package ifpdf Info: pdfTeX in pdf mode detected.
)
(/usr/share/texmf-texlive/tex/generic/oberdiek/ifvtex.sty
Package: ifvtex 2008/11/04 v1.4 Switches for detecting VTeX and its modes (HO)
Package ifvtex Info: VTeX not detected.
)
(/usr/share/texmf-texlive/tex/generic/ifxetex/ifxetex.sty
Package: ifxetex 2009/01/23 v0.5 Provides ifxetex conditional
)
(/usr/share/texmf-texlive/tex/latex/oberdiek/hycolor.sty
Package: hycolor 2009/10/02 v1.5 Code for color options of hyperref/bookmark (H
O)

(/usr/share/texmf-texlive/tex/latex/oberdiek/xcolor-patch.sty
Package: xcolor-patch 2009/10/02 xcolor patch
))
\@linkdim=\dimen117
\Hy@linkcounter=\count111
\Hy@pagecounter=\count112

(/usr/share/texmf-texlive/tex/latex/hyperref/pd1enc.def
File: pd1enc.def 2009/10/09 v6.79a Hyperref: PDFDocEncoding definition (HO)
Now handling font encoding PD1 ...
... no UTF-8 mapping file for font encoding PD1
)
(/usr/share/texmf-texlive/tex/generic/oberdiek/etexcmds.sty
Package: etexcmds 2007/12/12 v1.2 Prefix for e-TeX command names (HO)

(/usr/share/texmf-texlive/tex/generic/oberdiek/infwarerr.sty
Package: infwarerr 2007/09/09 v1.2 Providing info/warning/message (HO)
)
Package etexcmds Info: Could not find \expanded.
(etexcmds)             That can mean that you are not using pdfTeX 1.50 or
(etexcmds)             that some package has redefined \expanded.
(etexcmds)             In the latter case, load this package earlier.
)
(/usr/share/texmf-texlive/tex/latex/latexconfig/hyperref.cfg
File: hyperref.cfg 2002/06/06 v1.2 hyperref configuration of TeXLive
)
(/usr/share/texmf-texlive/tex/latex/oberdiek/kvoptions.sty
Package: kvoptions 2009/08/13 v3.4 Keyval support for LaTeX options (HO)

(/usr/share/texmf-texlive/tex/generic/oberdiek/kvsetkeys.sty
Package: kvsetkeys 2009/07/30 v1.5 Key value parser with default handler suppor
t (HO)
))
Package hyperref Info: Option `pdfdisplaydoctitle' set `true' on input line 286
4.
Package hyperref Info: Hyper figures OFF on input line 2975.
Package hyperref Info: Link nesting OFF on input line 2980.
Package hyperref Info: Hyper index ON on input line 2983.
Package hyperref Info: Plain pages OFF on input line 2990.
Package hyperref Info: Backreferencing OFF on input line 2995.

Implicit mode ON; LaTeX internals redefined
Package hyperref Info: Bookmarks ON on input line 3191.
(/usr/share/texmf-texlive/tex/latex/ltxmisc/url.sty
\Urlmuskip=\muskip11
Package: url 2006/04/12  ver 3.3  Verb mode for urls, etc.
)
LaTeX Info: Redefining \url on input line 3428.

(/usr/share/texmf-texlive/tex/generic/oberdiek/bitset.sty
Package: bitset 2007/09/28 v1.0 Data type bit set (HO)

(/usr/share/texmf-texlive/tex/generic/oberdiek/intcalc.sty
Package: intcalc 2007/09/27 v1.1 Expandable integer calculations (HO)
)
(/usr/share/texmf-texlive/tex/generic/oberdiek/bigintcalc.sty
Package: bigintcalc 2007/11/11 v1.1 Expandable big integer calculations (HO)

(/usr/share/texmf-texlive/tex/generic/oberdiek/pdftexcmds.sty
Package: pdftexcmds 2009/09/23 v0.6 LuaTeX support for pdfTeX utility functions
 (HO)

(/usr/share/texmf-texlive/tex/generic/oberdiek/ifluatex.sty
Package: ifluatex 2009/04/17 v1.2 Provides the ifluatex switch (HO)
Package ifluatex Info: LuaTeX not detected.
)
(/usr/share/texmf-texlive/tex/generic/oberdiek/ltxcmds.sty
Package: ltxcmds 2009/08/05 v1.0 Some LaTeX kernel commands for general use (HO
)
)
Package pdftexcmds Info: LuaTeX not detected.
Package pdftexcmds Info: \pdf@primitive is available.
Package pdftexcmds Info: \pdf@ifprimitive is available.
)))
\Fld@menulength=\count113
\Field@Width=\dimen118
\Fld@charsize=\dimen119
\Field@toks=\toks25
Package hyperref Info: Hyper figures OFF on input line 4377.
Package hyperref Info: Link nesting OFF on input line 4382.
Package hyperref Info: Hyper index ON on input line 4385.
Package hyperref Info: backreferencing OFF on input line 4392.
Package hyperref Info: Link coloring OFF on input line 4397.
Package hyperref Info: Link coloring with OCG OFF on input line 4402.
Package hyperref Info: PDF/A mode OFF on input line 4407.

(/usr/share/texmf-texlive/tex/generic/oberdiek/atbegshi.sty
Package: atbegshi 2008/07/31 v1.9 At begin shipout hook (HO)
)
\Hy@abspage=\count114
\c@Item=\count115
\c@Hfootnote=\count116
)
*hyperref using driver hpdftex*
(/usr/share/texmf-texlive/tex/latex/hyperref/hpdftex.def
File: hpdftex.def 2009/10/09 v6.79a Hyperref driver for pdfTeX
\Fld@listcount=\count117
)
(/usr/share/texmf-texlive/tex/latex/listings/listings.sty
\lst@mode=\count118
\lst@gtempboxa=\box30
\lst@token=\toks26
\lst@length=\count119
\lst@currlwidth=\dimen120
\lst@column=\count120
\lst@pos=\count121
\lst@lostspace=\dimen121
\lst@width=\dimen122
\lst@newlines=\count122
\lst@lineno=\count123
\lst@maxwidth=\dimen123

(/usr/share/texmf-texlive/tex/latex/listings/lstmisc.sty
File: lstmisc.sty 2007/02/22 1.4 (Carsten Heinz)
\c@lstnumber=\count124
\lst@skipnumbers=\count125
\lst@framebox=\box31
)
(/usr/share/texmf-texlive/tex/latex/listings/listings.cfg
File: listings.cfg 2007/02/22 1.4 listings configuration
))
Package: listings 2007/02/22 1.4 (Carsten Heinz)

(/usr/share/texmf/tex/latex/lm/lmodern.sty
Package: lmodern 2009/10/30 v1.6 Latin Modern Fonts
LaTeX Font Info:    Overwriting symbol font `operators' in version `normal'
(Font)                  OT1/cmr/m/n --> OT1/lmr/m/n on input line 22.
LaTeX Font Info:    Overwriting symbol font `letters' in version `normal'
(Font)                  OML/cmm/m/it --> OML/lmm/m/it on input line 23.
LaTeX Font Info:    Overwriting symbol font `symbols' in version `normal'
(Font)                  OMS/cmsy/m/n --> OMS/lmsy/m/n on input line 24.
LaTeX Font Info:    Overwriting symbol font `largesymbols' in version `normal'
(Font)                  OMX/cmex/m/n --> OMX/lmex/m/n on input line 25.
LaTeX Font Info:    Overwriting symbol font `operators' in version `bold'
(Font)                  OT1/cmr/bx/n --> OT1/lmr/bx/n on input line 26.
LaTeX Font Info:    Overwriting symbol font `letters' in version `bold'
(Font)                  OML/cmm/b/it --> OML/lmm/b/it on input line 27.
LaTeX Font Info:    Overwriting symbol font `symbols' in version `bold'
(Font)                  OMS/cmsy/b/n --> OMS/lmsy/b/n on input line 28.
LaTeX Font Info:    Overwriting symbol font `largesymbols' in version `bold'
(Font)                  OMX/cmex/m/n --> OMX/lmex/m/n on input line 29.
LaTeX Font Info:    Overwriting math alphabet `\mathbf' in version `normal'
(Font)                  OT1/cmr/bx/n --> OT1/lmr/bx/n on input line 31.
LaTeX Font Info:    Overwriting math alphabet `\mathsf' in version `normal'
(Font)                  OT1/cmss/m/n --> OT1/lmss/m/n on input line 32.
LaTeX Font Info:    Overwriting math alphabet `\mathit' in version `normal'
(Font)                  OT1/cmr/m/it --> OT1/lmr/m/it on input line 33.
LaTeX Font Info:    Overwriting math alphabet `\mathtt' in version `normal'
(Font)                  OT1/cmtt/m/n --> OT1/lmtt/m/n on input line 34.
LaTeX Font Info:    Overwriting math alphabet `\mathbf' in version `bold'
(Font)                  OT1/cmr/bx/n --> OT1/lmr/bx/n on input line 35.
LaTeX Font Info:    Overwriting math alphabet `\mathsf' in version `bold'
(Font)                  OT1/cmss/bx/n --> OT1/lmss/bx/n on input line 36.
LaTeX Font Info:    Overwriting math alphabet `\mathit' in version `bold'
(Font)                  OT1/cmr/bx/it --> OT1/lmr/bx/it on input line 37.
LaTeX Font Info:    Overwriting math alphabet `\mathtt' in version `bold'
(Font)                  OT1/cmtt/m/n --> OT1/lmtt/m/n on input line 38.
)
(/usr/local/share/texmf/tex/latex/luxi/luximono.sty
Package: luximono 2004/01/26 loading LuxiMono as tt font (WaS)
)
(/usr/share/texmf-texlive/tex/latex/tools/verbatim.sty
Package: verbatim 2003/08/22 v1.5q LaTeX2e package for verbatim enhancements
\every@verbatim=\toks27
\verbatim@line=\toks28
\verbatim@in@stream=\read1
)
(/usr/share/texmf-texlive/tex/latex/multirow/multirow.sty
\bigstrutjot=\dimen124
)
(/usr/share/texmf-texlive/tex/latex/colortbl/colortbl.sty
Package: colortbl 2001/02/13 v0.1j Color table columns (DPC)
\everycr=\toks29
\minrowclearance=\skip54
)
(/usr/share/texmf-texlive/tex/latex/natbib/natbib.sty
Package: natbib 2009/07/16 8.31 (PWD, AO)
\bibhang=\skip55
\bibsep=\skip56
LaTeX Info: Redefining \cite on input line 694.
\c@NAT@ctr=\count126
)
(/usr/share/texmf-texlive/tex/latex/sttools/stfloats.sty
Package: stfloats 1999/10/22
\@dblbotnum=\count127
\c@dblbotnumber=\count128
)
(/usr/share/texmf-texlive/tex/latex/pdfpages/pdfpages.sty
Package: pdfpages 2009/02/07 v0.4g Insert pages of external PDF documents (AM)

(/usr/share/texmf-texlive/tex/latex/tools/calc.sty
Package: calc 2007/08/22 v4.3 Infix arithmetic (KKT,FJ)
\calc@Acount=\count129
\calc@Bcount=\count130
\calc@Adimen=\dimen125
\calc@Bdimen=\dimen126
\calc@Askip=\skip57
\calc@Bskip=\skip58
LaTeX Info: Redefining \setlength on input line 76.
LaTeX Info: Redefining \addtolength on input line 77.
\calc@Ccount=\count131
\calc@Cskip=\skip59
)
(/usr/share/texmf-texlive/tex/latex/eso-pic/eso-pic.sty
Package: eso-pic 2006/07/14 v1.1d eso-pic (RN)

(/usr/share/texmf-texlive/tex/latex/ms/everyshi.sty
Package: everyshi 2001/05/15 v3.00 EveryShipout Package (MS)
))
(/usr/share/texmf-texlive/tex/latex/pdfpages/pppdftex.def
File: pppdftex.def 2009/02/07 v0.4g Pdfpages driver for pdfTeX (AM)
)
\AM@pagebox=\box32
\AM@toc@title=\toks30
\c@AM@survey=\count132
\AM@templatesizebox=\box33
)
(/usr/share/texmf-texlive/tex/latex/fmtcount/fmtcount.sty
Package: fmtcount 2009/10/02 v1.31
\c@padzeroesN=\count133

(/usr/share/texmf-texlive/tex/latex/fmtcount/fc-english.def
File: fc-english 2007/05/26
)
(/usr/share/texmf-texlive/tex/latex/fmtcount/fc-UKenglish.def
File: fc-UKenglish 2007/06/14
)
(/usr/share/texmf-texlive/tex/latex/fmtcount/fc-british.def
File: fc-british 2007/06/14
)
(/usr/share/texmf-texlive/tex/latex/fmtcount/fc-USenglish.def
File: fc-USenglish 2007/06/14
)
(/usr/share/texmf-texlive/tex/latex/fmtcount/fc-spanish.def
File: fc-spanish.def 2007/05/26
)
(/usr/share/texmf-texlive/tex/latex/fmtcount/fc-portuges.def
File: fc-portuges.def 2007/05/26
)
(/usr/share/texmf-texlive/tex/latex/fmtcount/fc-french.def
File: fc-french.def 2007/05/26
)
(/usr/share/texmf-texlive/tex/latex/fmtcount/fc-german.def
File: fc-german.def 2007/06/14
)
(/usr/share/texmf-texlive/tex/latex/fmtcount/fc-italian.def
File: fc-italian.def 2009/10/02 Italian support for fmtcount (Edoardo Pasca)
)
No configuration file fmtcount.cfg found.
\@DT@modctr=\count134
\@ordinalctr=\count135
\@orgargctr=\count136
\@strctr=\count137
\@tmpstrctr=\count138
\@DT@loopN=\count139
\@DT@X=\count140
) (/usr/share/texmf/tex/latex/pgf/frontendlayer/tikz.sty
(/usr/share/texmf/tex/latex/pgf/basiclayer/pgf.sty
(/usr/share/texmf/tex/latex/pgf/utilities/pgfrcs.sty
(/usr/share/texmf/tex/generic/pgf/utilities/pgfutil-common.tex
\pgfutil@everybye=\toks31
)
(/usr/share/texmf/tex/generic/pgf/utilities/pgfutil-latex.def)
(/usr/share/texmf/tex/generic/pgf/utilities/pgfrcs.code.tex
Package: pgfrcs 2008/02/20 v2.00 (rcs-revision 1.21)
))
Package: pgf 2008/01/15 v2.00 (rcs-revision 1.12)

(/usr/share/texmf/tex/latex/pgf/basiclayer/pgfcore.sty
(/usr/share/texmf/tex/latex/pgf/systemlayer/pgfsys.sty
(/usr/share/texmf/tex/generic/pgf/systemlayer/pgfsys.code.tex
Package: pgfsys 2008/02/07 v2.00 (rcs-revision 1.31)

(/usr/share/texmf/tex/generic/pgf/utilities/pgfkeys.code.tex
\pgfkeys@pathtoks=\toks32
\pgfkeys@temptoks=\toks33
)
\pgf@x=\dimen127
\pgf@y=\dimen128
\pgf@xa=\dimen129
\pgf@ya=\dimen130
\pgf@xb=\dimen131
\pgf@yb=\dimen132
\pgf@xc=\dimen133
\pgf@yc=\dimen134
\c@pgf@counta=\count141
\c@pgf@countb=\count142
\c@pgf@countc=\count143
\c@pgf@countd=\count144

(/usr/share/texmf/tex/generic/pgf/systemlayer/pgf.cfg
File: pgf.cfg 2008/01/13  (rcs-revision 1.6)
)
Package pgfsys Info: Driver file for pgf: pgfsys-pdftex.def on input line 885.

(/usr/share/texmf/tex/generic/pgf/systemlayer/pgfsys-pdftex.def
File: pgfsys-pdftex.def 2007/12/20  (rcs-revision 1.20)

(/usr/share/texmf/tex/generic/pgf/systemlayer/pgfsys-common-pdf.def
File: pgfsys-common-pdf.def 2007/12/17  (rcs-revision 1.8)
)))
(/usr/share/texmf/tex/generic/pgf/systemlayer/pgfsyssoftpath.code.tex
File: pgfsyssoftpath.code.tex 2008/01/23  (rcs-revision 1.6)
\pgfsyssoftpath@smallbuffer@items=\count145
\pgfsyssoftpath@bigbuffer@items=\count146
)
(/usr/share/texmf/tex/generic/pgf/systemlayer/pgfsysprotocol.code.tex
File: pgfsysprotocol.code.tex 2006/10/16  (rcs-revision 1.4)
))
(/usr/share/texmf/tex/latex/xcolor/xcolor.sty
Package: xcolor 2007/01/21 v2.11 LaTeX color extensions (UK)

(/etc/texmf/tex/latex/config/color.cfg
File: color.cfg 2007/01/18 v1.5 color configuration of teTeX/TeXLive
)
Package xcolor Info: Driver file: pdftex.def on input line 225.
LaTeX Info: Redefining \color on input line 702.
Package xcolor Info: Model `cmy' substituted by `cmy0' on input line 1337.
Package xcolor Info: Model `hsb' substituted by `rgb' on input line 1341.
Package xcolor Info: Model `RGB' extended on input line 1353.
Package xcolor Info: Model `HTML' substituted by `rgb' on input line 1355.
Package xcolor Info: Model `Hsb' substituted by `hsb' on input line 1356.
Package xcolor Info: Model `tHsb' substituted by `hsb' on input line 1357.
Package xcolor Info: Model `HSB' substituted by `hsb' on input line 1358.
Package xcolor Info: Model `Gray' substituted by `gray' on input line 1359.
Package xcolor Info: Model `wave' substituted by `hsb' on input line 1360.
)
(/usr/share/texmf/tex/generic/pgf/basiclayer/pgfcore.code.tex
Package: pgfcore 2008/01/15 v2.00 (rcs-revision 1.6)

(/usr/share/texmf/tex/generic/pgf/math/pgfmath.code.tex
(/usr/share/texmf/tex/generic/pgf/math/pgfmathcalc.code.tex
(/usr/share/texmf/tex/generic/pgf/math/pgfmathutil.code.tex
\pgfmath@box=\box34
)
(/usr/share/texmf/tex/generic/pgf/math/pgfmathparser.code.tex
\pgfmath@stack=\toks34
\c@pgfmath@parsecounta=\count147
\c@pgfmath@parsecountb=\count148
\c@pgfmath@parsecountc=\count149
\pgfmath@parsex=\dimen135
)
(/usr/share/texmf/tex/generic/pgf/math/pgfmathoperations.code.tex
(/usr/share/texmf/tex/generic/pgf/math/pgfmathtrig.code.tex)
(/usr/share/texmf/tex/generic/pgf/math/pgfmathrnd.code.tex))
(/usr/share/texmf/tex/generic/pgf/math/pgfmathbase.code.tex)))
(/usr/share/texmf/tex/generic/pgf/basiclayer/pgfcorepoints.code.tex
File: pgfcorepoints.code.tex 2008/02/03  (rcs-revision 1.13)
\pgf@picminx=\dimen136
\pgf@picmaxx=\dimen137
\pgf@picminy=\dimen138
\pgf@picmaxy=\dimen139
\pgf@pathminx=\dimen140
\pgf@pathmaxx=\dimen141
\pgf@pathminy=\dimen142
\pgf@pathmaxy=\dimen143
\pgf@xx=\dimen144
\pgf@xy=\dimen145
\pgf@yx=\dimen146
\pgf@yy=\dimen147
\pgf@zx=\dimen148
\pgf@zy=\dimen149
)
(/usr/share/texmf/tex/generic/pgf/basiclayer/pgfcorepathconstruct.code.tex
File: pgfcorepathconstruct.code.tex 2008/02/13  (rcs-revision 1.14)
\pgf@path@lastx=\dimen150
\pgf@path@lasty=\dimen151
)
(/usr/share/texmf/tex/generic/pgf/basiclayer/pgfcorepathusage.code.tex
File: pgfcorepathusage.code.tex 2008/01/23  (rcs-revision 1.11)
\pgf@shorten@end@additional=\dimen152
\pgf@shorten@start@additional=\dimen153
)
(/usr/share/texmf/tex/generic/pgf/basiclayer/pgfcorescopes.code.tex
File: pgfcorescopes.code.tex 2008/01/15  (rcs-revision 1.26)
\pgfpic=\box35
\pgf@hbox=\box36
\pgf@layerbox@main=\box37
\pgf@picture@serial@count=\count150
)
(/usr/share/texmf/tex/generic/pgf/basiclayer/pgfcoregraphicstate.code.tex
File: pgfcoregraphicstate.code.tex 2007/12/12  (rcs-revision 1.8)
\pgflinewidth=\dimen154
)
(/usr/share/texmf/tex/generic/pgf/basiclayer/pgfcoretransformations.code.tex
File: pgfcoretransformations.code.tex 2008/02/04  (rcs-revision 1.10)
\pgf@pt@x=\dimen155
\pgf@pt@y=\dimen156
\pgf@pt@temp=\dimen157
)
(/usr/share/texmf/tex/generic/pgf/basiclayer/pgfcorequick.code.tex
File: pgfcorequick.code.tex 2006/10/11  (rcs-revision 1.2)
)
(/usr/share/texmf/tex/generic/pgf/basiclayer/pgfcoreobjects.code.tex
File: pgfcoreobjects.code.tex 2006/10/11  (rcs-revision 1.2)
)
(/usr/share/texmf/tex/generic/pgf/basiclayer/pgfcorepathprocessing.code.tex
File: pgfcorepathprocessing.code.tex 2008/01/23  (rcs-revision 1.7)
)
(/usr/share/texmf/tex/generic/pgf/basiclayer/pgfcorearrows.code.tex
File: pgfcorearrows.code.tex 2007/06/07  (rcs-revision 1.8)
)
(/usr/share/texmf/tex/generic/pgf/basiclayer/pgfcoreshade.code.tex
File: pgfcoreshade.code.tex 2007/12/10  (rcs-revision 1.9)
\pgf@max=\dimen158
\pgf@sys@shading@range@num=\count151
)
(/usr/share/texmf/tex/generic/pgf/basiclayer/pgfcoreimage.code.tex
File: pgfcoreimage.code.tex 2008/01/15  (rcs-revision 1.1)
\pgfexternal@startupbox=\box38
)
(/usr/share/texmf/tex/generic/pgf/basiclayer/pgfcorelayers.code.tex
File: pgfcorelayers.code.tex 2008/01/15  (rcs-revision 1.1)
)
(/usr/share/texmf/tex/generic/pgf/basiclayer/pgfcoretransparency.code.tex
File: pgfcoretransparency.code.tex 2008/01/17  (rcs-revision 1.2)
)
(/usr/share/texmf/tex/generic/pgf/basiclayer/pgfcorepatterns.code.tex
File: pgfcorepatterns.code.tex 2008/01/15  (rcs-revision 1.1)
)))
(/usr/share/texmf/tex/generic/pgf/modules/pgfmoduleshapes.code.tex
File: pgfmoduleshapes.code.tex 2008/02/13  (rcs-revision 1.4)
\pgfnodeparttextbox=\box39
\toks@savedmacro=\toks35
)
(/usr/share/texmf/tex/generic/pgf/modules/pgfmoduleplot.code.tex
File: pgfmoduleplot.code.tex 2008/01/15  (rcs-revision 1.1)
\pgf@plotwrite=\write3
)
(/usr/share/texmf/tex/latex/pgf/compatibility/pgfcomp-version-0-65.sty
Package: pgfcomp-version-0-65 2007/07/03 v2.00 (rcs-revision 1.7)
\pgf@nodesepstart=\dimen159
\pgf@nodesepend=\dimen160
)
(/usr/share/texmf/tex/latex/pgf/compatibility/pgfcomp-version-1-18.sty
Package: pgfcomp-version-1-18 2007/07/23 v2.00 (rcs-revision 1.1)
))
(/usr/share/texmf/tex/latex/pgf/utilities/pgffor.sty
(/usr/share/texmf/tex/generic/pgf/utilities/pgffor.code.tex
Package: pgffor 2007/11/07 v2.00 (rcs-revision 1.8)
\pgffor@iter=\dimen161
\pgffor@skip=\dimen162
))
(/usr/share/texmf/tex/generic/pgf/frontendlayer/tikz/tikz.code.tex
Package: tikz 2008/02/13 v2.00 (rcs-revision 1.27)

(/usr/share/texmf/tex/generic/pgf/libraries/pgflibraryplothandlers.code.tex
File: pgflibraryplothandlers.code.tex 2007/03/09 v2.00 (rcs-revision 1.9)
\pgf@plot@mark@count=\count152
\pgfplotmarksize=\dimen163
)
\tikz@lastx=\dimen164
\tikz@lasty=\dimen165
\tikz@lastxsaved=\dimen166
\tikz@lastysaved=\dimen167
\tikzleveldistance=\dimen168
\tikzsiblingdistance=\dimen169
\tikz@figbox=\box40
\tikz@tempbox=\box41
\tikztreelevel=\count153
\tikznumberofchildren=\count154
\tikznumberofcurrentchild=\count155
\tikz@fig@count=\count156

(/usr/share/texmf/tex/generic/pgf/modules/pgfmodulematrix.code.tex
File: pgfmodulematrix.code.tex 2008/01/15  (rcs-revision 1.1)
\pgfmatrixcurrentrow=\count157
\pgfmatrixcurrentcolumn=\count158
\pgf@matrix@numberofcolumns=\count159
)
\tikz@expandcount=\count160

(/usr/share/texmf/tex/generic/pgf/frontendlayer/tikz/libraries/tikzlibrarytopat
hs.code.tex
File: tikzlibrarytopaths.code.tex 2008/01/09 v2.00 (rcs-revision 1.1)
))) (/usr/share/texmf-texlive/tex/latex/nomencl/nomencl.sty
Package: nomencl 2005/09/22 v4.2 Nomenclature package (LN)
\nomlabelwidth=\dimen170
\nom@tempdim=\dimen171
\nomitemsep=\skip60
)
\@nomenclaturefile=\write4
\openout4 = `railscms.nlo'.


Writing nomenclature file railscms.nlo
(/usr/share/texmf-texlive/tex/latex/nonfloat/nonfloat.sty)
Class scrbook Info: You've told me to redefine the font selection of the
(scrbook)           element `sectioning' that is an alias of element
(scrbook)           `disposition' on input line 263.
Class scrbook Info: You've told me to redefine the font selection of the
(scrbook)           element `pagehead' that is an alias of element
(scrbook)           `pageheadfoot' on input line 265.
Package hyperref Info: Option `colorlinks' set `true' on input line 279.
Package hyperref Info: Option `bookmarksnumbered' set `true' on input line 279.


(/usr/share/texmf-texlive/tex/latex/listings/lstlang1.sty
File: lstlang1.sty 2004/09/05 1.3 listings language file
)
(/usr/share/texmf-texlive/tex/latex/listings/lstlang2.sty
File: lstlang2.sty 2004/09/05 1.3 listings language file
)
\@indexfile=\write5
\openout5 = `railscms.idx'.


Writing index file railscms.idx
) (./railscms.aux (./chapters/titlepage.aux) (./chapters/vorwort.aux)
(./chapters/grundlagen.aux) (./chapters/cms_analyse.aux

LaTeX Warning: Label `locomotivecontent' multiply defined.

) (./chapters/probleme.aux) (./chapters/alternativer_code.aux)
(./chapters/fazit.aux) (./chapters/anhang.aux) (./chapters/selbst.aux))
\openout1 = `railscms.aux'.

LaTeX Font Info:    Checking defaults for OML/cmm/m/it on input line 24.
LaTeX Font Info:    ... okay on input line 24.
LaTeX Font Info:    Checking defaults for T1/cmr/m/n on input line 24.
LaTeX Font Info:    ... okay on input line 24.
LaTeX Font Info:    Checking defaults for OT1/cmr/m/n on input line 24.
LaTeX Font Info:    ... okay on input line 24.
LaTeX Font Info:    Checking defaults for OMS/cmsy/m/n on input line 24.
LaTeX Font Info:    ... okay on input line 24.
LaTeX Font Info:    Checking defaults for OMX/cmex/m/n on input line 24.
LaTeX Font Info:    ... okay on input line 24.
LaTeX Font Info:    Checking defaults for U/cmr/m/n on input line 24.
LaTeX Font Info:    ... okay on input line 24.
LaTeX Font Info:    Checking defaults for PD1/pdf/m/n on input line 24.
LaTeX Font Info:    ... okay on input line 24.
LaTeX Font Info:    Try loading font information for T1+lmr on input line 24.

(/usr/share/texmf/tex/latex/lm/t1lmr.fd
File: t1lmr.fd 2009/10/30 v1.6 Font defs for Latin Modern
)
(/usr/share/texmf/tex/context/base/supp-pdf.mkii
[Loading MPS to PDF converter (version 2006.09.02).]
\scratchcounter=\count161
\scratchdimen=\dimen172
\scratchbox=\box42
\nofMPsegments=\count162
\nofMParguments=\count163
\everyMPshowfont=\toks36
\MPscratchCnt=\count164
\MPscratchDim=\dimen173
\MPnumerator=\count165
\everyMPtoPDFconversion=\toks37
)
Package hyperref Info: Link coloring ON on input line 24.
 (/usr/share/texmf-texlive/tex/latex/hyperref/nameref.sty
Package: nameref 2007/05/29 v2.31 Cross-referencing by name of section

(/usr/share/texmf-texlive/tex/latex/oberdiek/refcount.sty
Package: refcount 2008/08/11 v3.1 Data extraction from references (HO)
)
\c@section@level=\count166
)
LaTeX Info: Redefining \ref on input line 24.
LaTeX Info: Redefining \pageref on input line 24.
 (./railscms.out)
(./railscms.out)
\@outlinefile=\write6
\openout6 = `railscms.out'.

\AtBeginShipoutBox=\box43
\c@lstlisting=\count167
 ABD: EveryShipout initializing macros
\openout2 = `chapters/titlepage.aux'.


(./chapters/titlepage.tex
LaTeX Font Info:    Try loading font information for T1+lmss on input line 3.
 (/usr/share/texmf/tex/latex/lm/t1lmss.fd
File: t1lmss.fd 2009/10/30 v1.6 Font defs for Latin Modern
)

LaTeX Font Warning: Font shape `T1/lmr/bx/sc' undefined
(Font)              using `T1/lmr/bx/n' instead on input line 5.

LaTeX Font Info:    Try loading font information for OT1+lmr on input line 14.
(/usr/share/texmf/tex/latex/lm/ot1lmr.fd
File: ot1lmr.fd 2009/10/30 v1.6 Font defs for Latin Modern
)
LaTeX Font Info:    Try loading font information for OML+lmm on input line 14.

(/usr/share/texmf/tex/latex/lm/omllmm.fd
File: omllmm.fd 2009/10/30 v1.6 Font defs for Latin Modern
)
LaTeX Font Info:    Try loading font information for OMS+lmsy on input line 14.


(/usr/share/texmf/tex/latex/lm/omslmsy.fd
File: omslmsy.fd 2009/10/30 v1.6 Font defs for Latin Modern
)
LaTeX Font Info:    Try loading font information for OMX+lmex on input line 14.


(/usr/share/texmf/tex/latex/lm/omxlmex.fd
File: omxlmex.fd 2009/10/30 v1.6 Font defs for Latin Modern
)
LaTeX Font Info:    External font `lmex10' loaded for size
(Font)              <12> on input line 14.
LaTeX Font Info:    External font `lmex10' loaded for size
(Font)              <8> on input line 14.
LaTeX Font Info:    External font `lmex10' loaded for size
(Font)              <6> on input line 14.
LaTeX Font Info:    Try loading font information for U+msa on input line 14.

(/usr/share/texmf-texlive/tex/latex/amsfonts/umsa.fd
File: umsa.fd 2009/06/22 v3.00 AMS symbols A
)
LaTeX Font Info:    Try loading font information for U+msb on input line 14.

(/usr/share/texmf-texlive/tex/latex/amsfonts/umsb.fd
File: umsb.fd 2009/06/22 v3.00 AMS symbols B
)
Underfull \hbox (badness 10000) in paragraph at lines 14--23

 []

[1



{/var/lib/texmf/fonts/map/pdftex/updmap/pdftex.map}]) (./railscms.toc
Class scrbook Info: You've told me to use the font selection of the element
(scrbook)           `sectioning' that is an alias of element `disposition'
(scrbook)            on input line 2.
Class scrbook Info: You've told me to use the font selection of the element
(scrbook)           `sectioning' that is an alias of element `disposition'
(scrbook)            on input line 6.
Class scrbook Info: You've told me to use the font selection of the element
(scrbook)           `sectioning' that is an alias of element `disposition'
(scrbook)            on input line 21.

[2


]
Class scrbook Info: You've told me to use the font selection of the element
(scrbook)           `sectioning' that is an alias of element `disposition'
(scrbook)            on input line 47.
Class scrbook Info: You've told me to use the font selection of the element
(scrbook)           `sectioning' that is an alias of element `disposition'
(scrbook)            on input line 50.

Overfull \vbox (1.76944pt too high) has occurred while \output is active []


[3]
Class scrbook Info: You've told me to use the font selection of the element
(scrbook)           `sectioning' that is an alias of element `disposition'
(scrbook)            on input line 61.
Class scrbook Info: You've told me to use the font selection of the element
(scrbook)           `sectioning' that is an alias of element `disposition'
(scrbook)            on input line 64.
Class scrbook Info: You've told me to use the font selection of the element
(scrbook)           `sectioning' that is an alias of element `disposition'
(scrbook)            on input line 74.
)
\tf@toc=\write7
\openout7 = `railscms.toc'.


Overfull \vbox (1.76944pt too high) has occurred while \output is active []


[4]
\openout2 = `chapters/vorwort.aux'.

 (./chapters/vorwort.tex
Kapitel 1.

Class scrbook Warning: \float@addtolists detected!
(scrbook)              You should use the features of package `tocbasic'
(scrbook)              instead of \float@addtolists.
(scrbook)              Support for \float@addtolists may be removed from
(scrbook)              `scrbook' soon .

LaTeX Font Info:    External font `lmex10' loaded for size
(Font)              <10> on input line 20.
LaTeX Font Info:    External font `lmex10' loaded for size
(Font)              <7> on input line 20.
LaTeX Font Info:    External font `lmex10' loaded for size
(Font)              <5> on input line 20.

<images/Einleitung/serverseitigeScriptsprachen.pdf, id=377, 753.81625pt x 313.1
7pt>
File: images/Einleitung/serverseitigeScriptsprachen.pdf Graphic file (type pdf)

 <use images/Einleitung/serverseitigeScriptsprachen.pdf>
Overfull \hbox (4.1623pt too wide) in paragraph at lines 25--26
 [] 
 []

[5


 <./images/Einleitung/serverseitigeScriptsprachen.pdf>]
Overfull \vbox (1.76944pt too high) has occurred while \output is active []


[6]
Underfull \hbox (badness 10000) in paragraph at lines 52--60

 []


Underfull \hbox (badness 10000) in paragraph at lines 52--60

 []


Underfull \hbox (badness 10000) in paragraph at lines 62--77

 []


Underfull \hbox (badness 10000) in paragraph at lines 62--77

 []


Underfull \hbox (badness 10000) in paragraph at lines 62--77

 []


Overfull \vbox (1.76944pt too high) has occurred while \output is active []


[7])
Overfull \vbox (1.76944pt too high) has occurred while \output is active []


[8]
\openout2 = `chapters/grundlagen.aux'.

 (./chapters/grundlagen.tex
Kapitel 2.

Underfull \hbox (badness 10000) in paragraph at lines 16--21

 []

[9



] (/usr/share/texmf-texlive/tex/latex/listings/lstlang1.sty
File: lstlang1.sty 2004/09/05 1.3 listings language file
)
(/usr/share/texmf-texlive/tex/latex/listings/lstmisc.sty
File: lstmisc.sty 2007/02/22 1.4 (Carsten Heinz)
)
Package hyperref Info: bookmark level for unknown lstlisting defaults to 0 on i
nput line 27.
 (./code/spring.xml)
Overfull \vbox (1.76944pt too high) has occurred while \output is active []


[10]
LaTeX Font Info:    Try loading font information for OMS+lmr on input line 32.
 (/usr/share/texmf/tex/latex/lm/omslmr.fd
File: omslmr.fd 2009/10/30 v1.6 Font defs for Latin Modern
)
LaTeX Font Info:    Font shape `OMS/lmr/m/n' in size <12> not available
(Font)              Font shape `OMS/lmsy/m/n' tried instead on input line 32.

Overfull \vbox (1.76944pt too high) has occurred while \output is active []


[11] <images/analyse/mvc.png, id=512, 1118.1775pt x 596.2275pt>
File: images/analyse/mvc.png Graphic file (type png)

<use images/analyse/mvc.png>
Underfull \hbox (badness 1565) in paragraph at lines 55--55
[] [][]\T1/lmr/m/n/12 Verarbeitung ei-ner An-fra-ge (Client-Server-Modell) in-n
er-halb des
 []


Overfull \vbox (1.76944pt too high) has occurred while \output is active []


[12 <./images/analyse/mvc.png (PNG copy)>]
Overfull \vbox (1.76944pt too high) has occurred while \output is active []


[13]
Underfull \hbox (badness 10000) in paragraph at lines 117--117
[]|\T1/lmr/m/n/12 HTTP-
 []


Overfull \hbox (5.44287pt too wide) in paragraph at lines 127--127
[]|\T1/lmr/m/n/12 /projects/:id/edit| 
 []


LaTeX Warning: `!h' float specifier changed to `!ht'.


Overfull \vbox (1.76944pt too high) has occurred while \output is active []


[14] <images/rack/rack.pdf, id=562, 796.9775pt x 597.23125pt>
File: images/rack/rack.pdf Graphic file (type pdf)

<use images/rack/rack.pdf>
Overfull \vbox (1.76944pt too high) has occurred while \output is active []


[15]
Overfull \vbox (1.76944pt too high) has occurred while \output is active []


[16 <./images/rack/rack.pdf>] (./code/rack.rb)
Overfull \vbox (1.76944pt too high) has occurred while \output is active []


[17]
Overfull \hbox (5.52234pt too wide) in paragraph at lines 190--192
\T1/lmr/m/n/12 Start des Mon-grel Webser-vers und In-itia-li-sie-rung der Rack-
Anwendung \T1/lmr/m/it/12 My-RackApp\T1/lmr/m/n/12 . 
 []

<images/rack/outputrack2.png, id=616, 479.7925pt x 132.495pt>
File: images/rack/outputrack2.png Graphic file (type png)

<use images/rack/outputrack2.png>
Overfull \vbox (1.76944pt too high) has occurred while \output is active []


[18 <./images/rack/outputrack2.png (PNG copy)>]
<images/rack/middlewares.png, id=628, 796.47563pt x 597.73312pt>
File: images/rack/middlewares.png Graphic file (type png)

<use images/rack/middlewares.png>
Overfull \hbox (17.7021pt too wide) in paragraph at lines 232--233
\T1/lmr/m/n/12 au-to-ma-ti-sche Er-zeu-gung von funk-ti-ons-f-hi-gem Quell-co-
de. Der fol-gen-de Scaffold-Generator[][][][][]
 []


Overfull \vbox (1.76944pt too high) has occurred while \output is active []


[19 <./images/rack/middlewares.png>] (./code/scaffold.txt)
Overfull \vbox (1.76944pt too high) has occurred while \output is active []


[20] <images/grundlagen/lifecycle.pdf, id=673, 796.9775pt x 597.23125pt>
File: images/grundlagen/lifecycle.pdf Graphic file (type pdf)

<use images/grundlagen/lifecycle.pdf>
Underfull \hbox (badness 1028) in paragraph at lines 254--254
[] [][]\T1/lmr/m/n/12 Prozessschritte im Con-tent Li-fe Cy-cle. Ei-ge-ne Dar-st
el-lung nach
 []


Overfull \vbox (1.76944pt too high) has occurred while \output is active []


[21 <./images/grundlagen/lifecycle.pdf>]
Overfull \vbox (1.76944pt too high) has occurred while \output is active []


[22] <images/analyse/featurematrix.pdf, id=705, 796.9775pt x 597.23125pt>
File: images/analyse/featurematrix.pdf Graphic file (type pdf)

<use images/analyse/featurematrix.pdf>

LaTeX Warning: `!h' float specifier changed to `!ht'.


Overfull \hbox (36.75749pt too wide) in paragraph at lines 293--294
\T1/lmr/m/n/12 Sei-te 21-23]. Auf Grund-la-ge die-ser Be-reichs-kri-te-ri-en un
d der afu-ge-fhr-ten WCMS-Featurematrix
 []


Overfull \vbox (1.76944pt too high) has occurred while \output is active []


[23]
Overfull \vbox (1.76944pt too high) has occurred while \output is active []


[24 <./images/analyse/featurematrix.pdf>]
Overfull \hbox (1.90762pt too wide) in paragraph at lines 313--315
[]\T1/lmr/m/n/12 Inhalte kn-nen in ei-nem WCMS wh-rend der Er-fas-sung ber e
i-ne Preview-Funktion
 []


Overfull \vbox (1.76944pt too high) has occurred while \output is active []


[25]
Overfull \vbox (1.76944pt too high) has occurred while \output is active []


[26])
Overfull \vbox (1.76944pt too high) has occurred while \output is active []


[27]
\openout2 = `chapters/cms_analyse.aux'.

 (./chapters/cms_analyse.tex
Kapitel 3.
[28



]
Underfull \hbox (badness 10000) in paragraph at lines 18--21

 []


Overfull \vbox (1.76944pt too high) has occurred while \output is active []


[29]
<images/analyse/rubygems/railsonrubygems.pdf, id=765, 796.9775pt x 597.23125pt>
File: images/analyse/rubygems/railsonrubygems.pdf Graphic file (type pdf)
<use images/analyse/rubygems/railsonrubygems.pdf>
Overfull \hbox (30.05923pt too wide) in paragraph at lines 52--53
 [] 
 []


Overfull \vbox (1.76944pt too high) has occurred while \output is active []


[30]
Overfull \vbox (1.76944pt too high) has occurred while \output is active []


[31 <./images/analyse/rubygems/railsonrubygems.pdf>]
<images/analyse/github/github.png, id=795, 1005.7575pt x 754.82pt>
File: images/analyse/github/github.png Graphic file (type png)

<use images/analyse/github/github.png>
Overfull \hbox (4.45575pt too wide) in paragraph at lines 65--66
 [] 
 []


LaTeX Warning: `!h' float specifier changed to `!ht'.


Overfull \hbox (11.43683pt too wide) in paragraph at lines 77--110
 [][] 
 []

<images/analyse/alchemy/inhalte.png, id=807, 1104.125pt x 856.19875pt>
File: images/analyse/alchemy/inhalte.png Graphic file (type png)

<use images/analyse/alchemy/inhalte.png>

LaTeX Warning: `!h' float specifier changed to `!ht'.


Overfull \vbox (1.76944pt too high) has occurred while \output is active []


[32]
Overfull \vbox (1.76944pt too high) has occurred while \output is active []


[33 <./images/analyse/github/github.png (PNG copy)>]
Overfull \vbox (1.76944pt too high) has occurred while \output is active []


[34]
Underfull \hbox (badness 10000) in paragraph at lines 135--139

 []


Overfull \vbox (1.76944pt too high) has occurred while \output is active []


[35 <./images/analyse/alchemy/inhalte.png (PNG copy)>]
<images/analyse/alchemy/dialoginhaltselement.png, id=837, 510.90875pt x 401.5pt
>
File: images/analyse/alchemy/dialoginhaltselement.png Graphic file (type png)
 <use images/analyse/alchemy/dialoginhaltselement.png>

LaTeX Warning: `!h' float specifier changed to `!ht'.


Overfull \vbox (1.76944pt too high) has occurred while \output is active []


[36]
Overfull \hbox (11.43683pt too wide) in paragraph at lines 175--208
 [][] 
 []


Overfull \hbox (17.70381pt too wide) in paragraph at lines 169--209
\T1/lmr/m/n/12 Browser CMS ist ein Open Sour-ce Web Con-tent Ma-na-ge-ment Sys-
tem der US-amerikanischen
 []


LaTeX Warning: `!h' float specifier changed to `!ht'.

<images/analyse/browser/backend.png, id=857, 1069.9975pt x 373.395pt>
File: images/analyse/browser/backend.png Graphic file (type png)

<use images/analyse/browser/backend.png>
Overfull \hbox (1.26494pt too wide) in paragraph at lines 216--217
 [] 
 []


Overfull \vbox (1.76944pt too high) has occurred while \output is active []


[37 <./images/analyse/alchemy/dialoginhaltselement.png (PNG copy)>]
Overfull \vbox (1.76944pt too high) has occurred while \output is active []


[38 <./images/analyse/browser/backend.png (PNG copy)>]
<images/analyse/browser/frontendangemeldet.png, id=871, 852.18375pt x 657.45625
pt>
File: images/analyse/browser/frontendangemeldet.png Graphic file (type png)
 <use images/analyse/browser/frontendangemeldet.png>

LaTeX Warning: `!h' float specifier changed to `!ht'.

<images/analyse/browser/tagportlet.png, id=874, 859.21pt x 560.0925pt>
File: images/analyse/browser/tagportlet.png Graphic file (type png)

<use images/analyse/browser/tagportlet.png>

LaTeX Warning: `!h' float specifier changed to `!ht'.


Underfull \hbox (badness 8132) in paragraph at lines 260--260
[][][]\T1/lmr/m/n/10 Eine aus-fhr-li-che Lis-te mit al-len Er-wei-te-run-gen f
in-det sich un-ter fol-gen-der Adres-se:
 []


Overfull \vbox (1.76944pt too high) has occurred while \output is active []


[39]
Overfull \hbox (31.93713pt too wide) in paragraph at lines 265--266
[]\T1/lmr/m/n/12 browsercms-blog[][][][][]: Er-stel-lung und Ver-wal-tung von B
log-Eintrgen in-klu-si-ve Kommentar-
 []


Overfull \vbox (1.76944pt too high) has occurred while \output is active []


[40 <./images/analyse/browser/frontendangemeldet.png (PNG copy)>]
Overfull \hbox (7.02338pt too wide) in paragraph at lines 272--273
\T1/lmr/m/n/12 An-le-gen von Tex-tin-halt durch die Ver-wen-dung des JavaScript
-WYSIWYG-Editors FCKE-
 []


Overfull \vbox (1.76944pt too high) has occurred while \output is active []


[41 <./images/analyse/browser/tagportlet.png (PNG copy)>]
<images/analyse/browser/editor.png, id=906, 826.08624pt x 371.3875pt>
File: images/analyse/browser/editor.png Graphic file (type png)

<use images/analyse/browser/editor.png> (./code/content_block.rb)
Overfull \vbox (1.76944pt too high) has occurred while \output is active []


[42 <./images/analyse/browser/editor.png (PNG copy)>]
Overfull \hbox (18.86186pt too wide) in paragraph at lines 291--323
 [][] 
 []


Overfull \vbox (1.76944pt too high) has occurred while \output is active []


[43]
<images/analyse/locomotive/backendlocomotive.png, id=941, 960.58875pt x 698.61p
t>
File: images/analyse/locomotive/backendlocomotive.png Graphic file (type png)
 <use images/analyse/locomotive/backendlocomotive.png>
Overfull \vbox (1.76944pt too high) has occurred while \output is active []


[44 <./images/analyse/locomotive/backendlocomotive.png (PNG copy)>]
<images/analyse/locomotive/customcontent.png, id=949, 951.555pt x 738.76pt>
File: images/analyse/locomotive/customcontent.png Graphic file (type png)

<use images/analyse/locomotive/customcontent.png>
Underfull \hbox (badness 7012) in paragraph at lines 345--345
[] [][]\T1/lmr/m/n/12 Ein im Ba-ckend von Lo-co-mo-ti-ve CMS zu-sam-men-ge-stel
l-tes
 []


LaTeX Warning: `!h' float specifier changed to `!ht'.


Overfull \vbox (1.76944pt too high) has occurred while \output is active []


[45]
Overfull \vbox (1.76944pt too high) has occurred while \output is active []


[46 <./images/analyse/locomotive/customcontent.png (PNG copy)>]
<images/analyse/locomotive/liquid.png, id=965, 1091.07625pt x 556.0775pt>
File: images/analyse/locomotive/liquid.png Graphic file (type png)

<use images/analyse/locomotive/liquid.png>

LaTeX Warning: `!h' float specifier changed to `!ht'.


Underfull \hbox (badness 10000) in paragraph at lines 418--418
[]|\T1/lmr/m/n/12 Realisierung ei-ner be-nut-zer-freund-li-chen, ein-fa-chen
 []


Overfull \hbox (11.43683pt too wide) in paragraph at lines 392--425
 [][] 
 []


Overfull \vbox (1.76944pt too high) has occurred while \output is active []


[47]

LaTeX Warning: `!h' float specifier changed to `!ht'.


<images/analyse/refinery/backendrefinery.png, id=984, 1010.77625pt x 506.89375p
t>
File: images/analyse/refinery/backendrefinery.png Graphic file (type png)
 <use images/analyse/refinery/backendrefinery.png>

LaTeX Warning: `!h' float specifier changed to `!ht'.


Overfull \vbox (1.76944pt too high) has occurred while \output is active []


[48 <./images/analyse/locomotive/liquid.png (PNG copy)>]
<images/analyse/refinery/contentsections.png, id=991, 670.505pt x 399.4925pt>
File: images/analyse/refinery/contentsections.png Graphic file (type png)

<use images/analyse/refinery/contentsections.png>

LaTeX Warning: `!h' float specifier changed to `!ht'.


Overfull \vbox (1.76944pt too high) has occurred while \output is active []


[49]

LaTeX Warning: Text page 50 contains only floats.


Overfull \vbox (1.76944pt too high) has occurred while \output is active []


[50 <./images/analyse/refinery/backendrefinery.png (PNG copy)> <./images/analys
e/refinery/contentsections.png (PNG copy)>]
Overfull \hbox (9.48389pt too wide) in paragraph at lines 464--465
[]\T1/lmr/m/n/12 refinerycms-blog[][][][][]: En-gi-ne zur Er-stel-lung kur-z-er
 Bei-tr-ge in-klu-si-ve Kategorisierungs-
 []


Overfull \vbox (1.76944pt too high) has occurred while \output is active []


[51]
Overfull \vbox (1.76944pt too high) has occurred while \output is active []


[52]
Underfull \hbox (badness 1122) in paragraph at lines 558--558
\T1/lmr/m/n/12 von SQ-Li-te und MySQL-Datenbanken.
 []


Underfull \hbox (badness 6380) in paragraph at lines 558--558
[]|\T1/lmr/m/n/12 Locomotive CMS bie-tet ei-ne Asset-
 []


Underfull \hbox (badness 10000) in paragraph at lines 690--690
[]|\T1/lmr/m/n/12 Individuelle In-halts-ele-men-te kn-nen
 []


Underfull \hbox (badness 6461) in paragraph at lines 690--690
\T1/lmr/m/n/12 durch die Ver-wen-dung der Re-fi-ne-ry
 []


Underfull \hbox (badness 10000) in paragraph at lines 690--690
\T1/lmr/m/n/12 Die wei-te-re Ent-wick-lung An-pas-sung
 []


Underfull \hbox (badness 1102) in paragraph at lines 690--690
\T1/lmr/m/n/12 en-r-halb des Rails Fra-me-work b-li-chen
 []


Underfull \hbox (badness 1142) in paragraph at lines 712--712
[]|\T1/lmr/m/n/12 Wie sei-ne Vor-gn-ger auch kn-nen in-
 []


Underfull \hbox (badness 1838) in paragraph at lines 712--712
\T1/lmr/m/n/12 den. Vor-de-fi-nier-te In-halts-ele-men-te, die
 []


Underfull \hbox (badness 1708) in paragraph at lines 712--712
[]|\T1/lmr/m/n/12 Wie bei Al-che-my und Re-fi-ne-ry CMS
 []


Underfull \hbox (badness 1735) in paragraph at lines 722--722
\T1/lmr/m/n/12 nach-trg-li-ches Be-fl-len der Da-ten-bank
 []


Underfull \hbox (badness 3323) in paragraph at lines 722--722
\T1/lmr/m/n/12 mg-lich. Der Auf-ruf er-for-dert je-doch
 []


Underfull \hbox (badness 1178) in paragraph at lines 722--722
\T1/lmr/m/n/12 Kennt-nis-se in Ru-by on Rails und ist
 []


Underfull \hbox (badness 2334) in paragraph at lines 722--722
\T1/lmr/m/n/12 da-her fr Nor-malan-wen-der/Re-dak-teu-re
 []


Overfull \hbox (3.86035pt too wide) in paragraph at lines 498--732
[] 
 []


Underfull \hbox (badness 10000) in paragraph at lines 498--732

 []


Underfull \hbox (badness 10000) in paragraph at lines 498--732

 []


Overfull \hbox (3.86035pt too wide) in paragraph at lines 498--732
[] 
 []


Underfull \hbox (badness 10000) in paragraph at lines 498--732

 []


Underfull \hbox (badness 10000) in paragraph at lines 498--732

 []


Overfull \hbox (3.86035pt too wide) in paragraph at lines 498--732
[] 
 []


Underfull \hbox (badness 10000) in paragraph at lines 498--732

 []


Underfull \hbox (badness 10000) in paragraph at lines 498--732

 []


Overfull \hbox (3.86035pt too wide) in paragraph at lines 498--732
[] 
 []


Underfull \hbox (badness 10000) in paragraph at lines 498--732

 []


Underfull \hbox (badness 10000) in paragraph at lines 498--732

 []


Overfull \hbox (3.86035pt too wide) in paragraph at lines 498--732
[] 
 []


Underfull \hbox (badness 10000) in paragraph at lines 498--732

 []


Underfull \hbox (badness 10000) in paragraph at lines 498--732

 []


Overfull \hbox (3.86035pt too wide) in paragraph at lines 498--732
[]
 []


Overfull \hbox (3.86035pt too wide) in paragraph at lines 498--732
[] 
 []


Underfull \hbox (badness 10000) in paragraph at lines 498--732

 []


Underfull \hbox (badness 10000) in paragraph at lines 498--732

 []


Underfull \hbox (badness 10000) in paragraph at lines 498--732

 []


Underfull \hbox (badness 10000) in paragraph at lines 498--732

 []


Underfull \hbox (badness 10000) in paragraph at lines 498--732

 []


Overfull \hbox (3.86035pt too wide) in paragraph at lines 498--732
[] 
 []


Underfull \hbox (badness 10000) in paragraph at lines 498--732

 []


Underfull \hbox (badness 10000) in paragraph at lines 498--732

 []


Overfull \hbox (3.86035pt too wide) in paragraph at lines 498--732
[] 
 []


Underfull \hbox (badness 10000) in paragraph at lines 498--732

 []


Underfull \hbox (badness 10000) in paragraph at lines 498--732

 []


Overfull \hbox (3.86035pt too wide) in paragraph at lines 498--732
[] 
 []


Underfull \hbox (badness 10000) in paragraph at lines 498--732

 []


Underfull \hbox (badness 10000) in paragraph at lines 498--732

 []


Overfull \hbox (3.86035pt too wide) in paragraph at lines 498--732
[]
 []


Overfull \hbox (3.86035pt too wide) in paragraph at lines 498--732
[] 
 []


Underfull \hbox (badness 10000) in paragraph at lines 498--732

 []


Underfull \hbox (badness 10000) in paragraph at lines 498--732

 []


Underfull \hbox (badness 10000) in paragraph at lines 498--732

 []


Overfull \vbox (1.76944pt too high) has occurred while \output is active []


[53]
Overfull \vbox (1.76944pt too high) has occurred while \output is active []


[54]
Overfull \vbox (1.76944pt too high) has occurred while \output is active []


[55]
Overfull \vbox (1.76944pt too high) has occurred while \output is active []


[56]
Overfull \vbox (1.76944pt too high) has occurred while \output is active []


[57]
Overfull \vbox (1.76944pt too high) has occurred while \output is active []


[58]
Overfull \vbox (1.76944pt too high) has occurred while \output is active []


[59]
Overfull \vbox (1.76944pt too high) has occurred while \output is active []


[60]
Underfull \hbox (badness 3623) in paragraph at lines 739--739
\T1/lmr/m/n/12 zer-rol-len (Re-gis-triert, Au-t-hor, Re-dak-
 []


Underfull \hbox (badness 1024) in paragraph at lines 744--744
\T1/lmr/m/n/12 CMS Ad-mi-nis-tra-tor und Con-tent Edi-
 []


Underfull \hbox (badness 1132) in paragraph at lines 744--744
[]|\T1/lmr/m/n/12 Locomotive CMS be-sitzt ein ein-fa-ches
 []


Underfull \hbox (badness 1975) in paragraph at lines 744--744
\T1/lmr/m/n/12 schen Ad-mi-nis-tra-to-ren, De-si-gnern und
 []


Underfull \hbox (badness 1048) in paragraph at lines 795--795
\T1/lmr/m/n/12 Ver-sio-nie-rung von In-halts-ele-men-ten er-
 []


Underfull \hbox (badness 1137) in paragraph at lines 811--811
\T1/lmr/m/n/12 den. Ei-ne Tren-nung der ver-schie-de-nen
 []


Overfull \hbox (3.86035pt too wide) in paragraph at lines 733--830
[] 
 []


Underfull \hbox (badness 10000) in paragraph at lines 733--830

 []


Underfull \hbox (badness 10000) in paragraph at lines 733--830

 []


Overfull \hbox (3.86035pt too wide) in paragraph at lines 733--830
[] 
 []


Underfull \hbox (badness 10000) in paragraph at lines 733--830

 []


Underfull \hbox (badness 10000) in paragraph at lines 733--830

 []


Overfull \hbox (3.86035pt too wide) in paragraph at lines 733--830
[] 
 []


Underfull \hbox (badness 10000) in paragraph at lines 733--830

 []


Underfull \hbox (badness 10000) in paragraph at lines 733--830

 []


Overfull \hbox (3.86035pt too wide) in paragraph at lines 733--830
[] 
 []


Underfull \hbox (badness 10000) in paragraph at lines 733--830

 []


Underfull \hbox (badness 10000) in paragraph at lines 733--830

 []


Overfull \hbox (3.86035pt too wide) in paragraph at lines 733--830
[] 
 []


Overfull \vbox (1.76944pt too high) has occurred while \output is active []


[61]
Overfull \vbox (1.76944pt too high) has occurred while \output is active []


[62]
Overfull \vbox (1.76944pt too high) has occurred while \output is active []


[63]
Underfull \hbox (badness 1189) in paragraph at lines 839--839
[]|\T1/lmr/m/n/12 Alchemy bil-det einen ein-fa-chen Work-
 []


Underfull \hbox (badness 1112) in paragraph at lines 871--871
[]|\T1/lmr/m/n/12 Diese Funk-tio-na-li-tt wird nicht un-ter-
 []


Underfull \hbox (badness 1112) in paragraph at lines 871--871
[]|\T1/lmr/m/n/12 Diese Funk-tio-na-li-tt wird nicht un-ter-
 []


Underfull \hbox (badness 1112) in paragraph at lines 875--875
[]|\T1/lmr/m/n/12 Diese Funk-tio-na-li-tt wird nicht un-ter-
 []


Underfull \hbox (badness 1122) in paragraph at lines 875--875
\T1/lmr/m/n/12 nes Nut-zers im Ba-ckend von Brow-ser
 []


Underfull \hbox (badness 1112) in paragraph at lines 875--875
[]|\T1/lmr/m/n/12 Diese Funk-tio-na-li-tt wird nicht un-ter-
 []


Overfull \hbox (3.86035pt too wide) in paragraph at lines 833--897
[] 
 []


Underfull \hbox (badness 10000) in paragraph at lines 833--897

 []


Underfull \hbox (badness 10000) in paragraph at lines 833--897

 []


Overfull \hbox (3.86035pt too wide) in paragraph at lines 833--897
[] 
 []


Underfull \hbox (badness 10000) in paragraph at lines 833--897

 []


Underfull \hbox (badness 10000) in paragraph at lines 833--897

 []


Overfull \hbox (3.86035pt too wide) in paragraph at lines 833--897
[] 
 []


Underfull \hbox (badness 10000) in paragraph at lines 833--897

 []


Underfull \hbox (badness 10000) in paragraph at lines 833--897

 []


Overfull \hbox (3.86035pt too wide) in paragraph at lines 833--897
[] 
 []


Underfull \hbox (badness 10000) in paragraph at lines 833--897

 []


Underfull \hbox (badness 10000) in paragraph at lines 833--897

 []


Underfull \hbox (badness 10000) in paragraph at lines 833--897

 []


Overfull \vbox (1.76944pt too high) has occurred while \output is active []


[64]
Overfull \vbox (1.76944pt too high) has occurred while \output is active []


[65]
Overfull \vbox (1.76944pt too high) has occurred while \output is active []


[66]
Underfull \hbox (badness 2285) in paragraph at lines 982--982
[]|\T1/lmr/bx/n/12 Mglichkeit In-hal-te fr an-de-ren Web-sei-ten be-reit-zu-s
tel-len (XML,
 []


Underfull \hbox (badness 1112) in paragraph at lines 1002--1002
[]|\T1/lmr/m/n/12 Diese Funk-tio-na-li-tt wird nicht un-ter-
 []


Overfull \hbox (3.86035pt too wide) in paragraph at lines 898--1043
[] 
 []


Underfull \hbox (badness 10000) in paragraph at lines 898--1043

 []


Underfull \hbox (badness 10000) in paragraph at lines 898--1043

 []


Overfull \hbox (3.86035pt too wide) in paragraph at lines 898--1043
[] 
 []


Underfull \hbox (badness 10000) in paragraph at lines 898--1043

 []


Underfull \hbox (badness 10000) in paragraph at lines 898--1043

 []


Overfull \hbox (3.86035pt too wide) in paragraph at lines 898--1043
[] 
 []


Underfull \hbox (badness 10000) in paragraph at lines 898--1043

 []


Underfull \hbox (badness 10000) in paragraph at lines 898--1043

 []


Overfull \hbox (3.86035pt too wide) in paragraph at lines 898--1043
[] 
 []


Underfull \hbox (badness 10000) in paragraph at lines 898--1043

 []


Underfull \hbox (badness 10000) in paragraph at lines 898--1043

 []


Overfull \hbox (3.86035pt too wide) in paragraph at lines 898--1043
[] 
 []


Underfull \hbox (badness 10000) in paragraph at lines 898--1043

 []


Underfull \hbox (badness 10000) in paragraph at lines 898--1043

 []


Overfull \hbox (3.86035pt too wide) in paragraph at lines 898--1043
[] 
 []


Underfull \hbox (badness 10000) in paragraph at lines 898--1043

 []


Underfull \hbox (badness 10000) in paragraph at lines 898--1043

 []


Overfull \hbox (3.86035pt too wide) in paragraph at lines 898--1043
[] 
 []


Underfull \hbox (badness 10000) in paragraph at lines 898--1043

 []


Underfull \hbox (badness 10000) in paragraph at lines 898--1043

 []


Overfull \hbox (3.86035pt too wide) in paragraph at lines 898--1043
[] 
 []


Overfull \vbox (1.76944pt too high) has occurred while \output is active []


[67]
Overfull \vbox (1.76944pt too high) has occurred while \output is active []


[68]
Overfull \vbox (1.76944pt too high) has occurred while \output is active []


[69]
Overfull \vbox (1.76944pt too high) has occurred while \output is active []


[70]
Overfull \hbox (3.86035pt too wide) in paragraph at lines 1044--1089
[] 
 []


Underfull \hbox (badness 10000) in paragraph at lines 1044--1089

 []


Underfull \hbox (badness 10000) in paragraph at lines 1044--1089

 []


Overfull \hbox (3.86035pt too wide) in paragraph at lines 1044--1089
[] 
 []


Underfull \hbox (badness 10000) in paragraph at lines 1044--1089

 []


Underfull \hbox (badness 10000) in paragraph at lines 1044--1089

 []


Overfull \hbox (3.86035pt too wide) in paragraph at lines 1044--1089
[] 
 []


Overfull \vbox (1.76944pt too high) has occurred while \output is active []


[71]
Overfull \vbox (1.76944pt too high) has occurred while \output is active []


[72]
Overfull \vbox (1.76944pt too high) has occurred while \output is active []


[73])
Overfull \vbox (1.76944pt too high) has occurred while \output is active []


[74]
\openout2 = `chapters/probleme.aux'.

 (./chapters/probleme.tex
Kapitel 4.
[75



]
Overfull \vbox (1.76944pt too high) has occurred while \output is active []


[76]
Overfull \vbox (1.76944pt too high) has occurred while \output is active []


[77]
Overfull \hbox (3.31532pt too wide) in paragraph at lines 97--99
\T1/lmr/m/n/12 Anwendung zu-stz-li-chen Ar-beitsspei-cher und weist einen ver-
ln-ger-ten Boot-Prozess
 []


Overfull \hbox (3.31532pt too wide) in paragraph at lines 99--100
\T1/lmr/m/n/12 Anwendung zu-stz-li-chen Ar-beitsspei-cher und weist einen ver-
ln-ger-ten Boot-Prozess
 []

(./code/crudify_controller.rb
Overfull \vbox (1.76944pt too high) has occurred while \output is active []


[78])
<images/analyse/alchemy/ressourcen.png, id=1195, 817.0525pt x 435.6275pt>
File: images/analyse/alchemy/ressourcen.png Graphic file (type png)

<use images/analyse/alchemy/ressourcen.png>
Overfull \vbox (1.76944pt too high) has occurred while \output is active []


[79])
Overfull \vbox (1.76944pt too high) has occurred while \output is active []


[80]
Underfull \vbox (badness 10000) has occurred while \output is active []


Overfull \vbox (1.76944pt too high) has occurred while \output is active []


[81 <./images/analyse/alchemy/ressourcen.png (PNG copy)>]
\openout2 = `chapters/alternativer_code.aux'.


(./chapters/alternativer_code.tex
Kapitel 5.
[82



]
Overfull \hbox (4.06483pt too wide) in paragraph at lines 31--31
[][][]\T1/lmr/m/n/10 Informationen zu Al-fres-co und dem Con-tent Re-po-si-to-r
y: [][]http://www.alfresco.com/products/platform/[][]| 
 []


Overfull \vbox (1.76944pt too high) has occurred while \output is active []


[83]
<images/repository/repository_diagramm.png, id=1288, 1080.035pt x 736.7525pt>
File: images/repository/repository_diagramm.png Graphic file (type png)

<use images/repository/repository_diagramm.png>
Overfull \vbox (1.76944pt too high) has occurred while \output is active []


[84 <./images/repository/repository_diagramm.png>]
Underfull \hbox (badness 1668) in paragraph at lines 73--73
[][][]\T1/lmr/m/n/10 Eine mit Rails 2 um-ge-setz-te Demo-Anwendung ist un-ter f
ol-gen-der In-ter-netsei-te ver-fg-bar:
 []


Overfull \vbox (1.76944pt too high) has occurred while \output is active []


[85]
Overfull \hbox (5.08014pt too wide) in paragraph at lines 90--91
[]\T1/lmr/m/n/12 Ein Con-tent Re-po-si-to-ry kann als Er-wei-te-rung auch von a
n-de-ren Rails-Anwendungen
 []


Overfull \vbox (1.76944pt too high) has occurred while \output is active []


[86] <images/typo3/frontend.png, id=1322, 1284.8pt x 822.07124pt>
File: images/typo3/frontend.png Graphic file (type png)

<use images/typo3/frontend.png>
Overfull \hbox (1.55579pt too wide) in paragraph at lines 107--108
 [] 
 []

<images/typo3/backend.png, id=1323, 1284.8pt x 829.0975pt>
File: images/typo3/backend.png Graphic file (type png)

<use images/typo3/backend.png>
Overfull \hbox (1.55579pt too wide) in paragraph at lines 116--117
 [] 
 []


LaTeX Warning: `!h' float specifier changed to `!ht'.


Overfull \vbox (1.76944pt too high) has occurred while \output is active []


[87 <./images/typo3/frontend.png (PNG copy)>]
Overfull \hbox (0.7315pt too wide) in paragraph at lines 136--138
\T1/lmr/m/n/12 Das Typo3-User-Interface setzt bei der Kom-mu-ni-ka-ti-on zwi-sc
hen den ein-zel-nen Interface-
 []


Overfull \vbox (1.76944pt too high) has occurred while \output is active []


[88 <./images/typo3/backend.png (PNG copy)>]
Overfull \vbox (1.76944pt too high) has occurred while \output is active []


[89] <images/rack/extdirect.png, id=1365, 766.36313pt x 478.78876pt>
File: images/rack/extdirect.png Graphic file (type png)

<use images/rack/extdirect.png>
Overfull \vbox (1.76944pt too high) has occurred while \output is active []


[90 <./images/rack/extdirect.png (PNG copy)>]
Overfull \hbox (0.3072pt too wide) in paragraph at lines 212--214
[]\T1/lmr/m/n/12 Die Ver-fg-bar-keit er-prob-ter, fle-xibler und viel-fach ge-
nutz-ter UI-Komponenten (z.B.
 []


Overfull \hbox (9.6724pt too wide) in paragraph at lines 216--217
[]\T1/lmr/m/n/12 EXT JS ga-ran-tiert ei-ne grt-mg-li-che Kom-pa-ti-bi-li-tt
 zu ak-tu-el-len Internet-Browsern
 []


Overfull \vbox (1.76944pt too high) has occurred while \output is active []


[91])
Overfull \vbox (1.76944pt too high) has occurred while \output is active []


[92]
\openout2 = `chapters/fazit.aux'.

 (./chapters/fazit.tex
Kapitel 6.
[93



])
Overfull \vbox (1.76944pt too high) has occurred while \output is active []


[94]
\openout2 = `chapters/anhang.aux'.

 (./chapters/anhang.tex
Kapitel 7.

Underfull \hbox (badness 3547) in paragraph at lines 10--11
[]|\T1/lmr/bx/n/12 Aktive Wei-ter-ent-
 []


Overfull \hbox (16.26035pt too wide) in paragraph at lines 5--49
 [] 
 []


Underfull \hbox (badness 3547) in paragraph at lines 59--60
[]|\T1/lmr/bx/n/12 Aktive Wei-ter-ent-
 []


Underfull \hbox (badness 10000) in paragraph at lines 69--69
[]|\T1/lmr/m/n/12 Comfortable
 []


Underfull \hbox (badness 10000) in paragraph at lines 69--69
[]|[][]\T1/lmr/m/n/12 https://github.com/twg/comfortable-
 []


Underfull \hbox (badness 10000) in paragraph at lines 71--71
[]|\T1/lmr/m/n/12 Locomotive
 []


Overfull \hbox (16.26035pt too wide) in paragraph at lines 55--83
 [] 
 []

[95



]
Underfull \hbox (badness 10000) in paragraph at lines 107--108

 []


Overfull \hbox (9.0016pt too wide) in paragraph at lines 110--111
[]\T1/lmr/m/n/12 Template-Erstellung und -verwaltung fin-det im Quell-co-de der
 Rails-Anwendung
 []


Underfull \hbox (badness 10000) in paragraph at lines 113--114

 []


Overfull \vbox (1.76944pt too high) has occurred while \output is active []


[96]
Underfull \hbox (badness 10000) in paragraph at lines 118--119

 []


Underfull \hbox (badness 10000) in paragraph at lines 123--124

 []


Underfull \hbox (badness 10000) in paragraph at lines 128--129

 []


Overfull \vbox (1.76944pt too high) has occurred while \output is active []


[97]
Underfull \hbox (badness 10000) in paragraph at lines 138--139

 []


Underfull \hbox (badness 10000) in paragraph at lines 144--145

 []


Underfull \hbox (badness 10000) in paragraph at lines 149--150

 []


Underfull \hbox (badness 10000) in paragraph at lines 154--155

 []


Underfull \hbox (badness 10000) in paragraph at lines 159--160

 []


Overfull \vbox (1.76944pt too high) has occurred while \output is active []


[98]
Underfull \hbox (badness 10000) in paragraph at lines 171--172

 []


Underfull \hbox (badness 10000) in paragraph at lines 177--178

 []


Underfull \hbox (badness 10000) in paragraph at lines 182--183

 []


Underfull \hbox (badness 10000) in paragraph at lines 187--188

 []


Underfull \hbox (badness 10000) in paragraph at lines 193--194

 []


Underfull \hbox (badness 10000) in paragraph at lines 202--203

 []


Overfull \vbox (1.76944pt too high) has occurred while \output is active []


[99]
Underfull \hbox (badness 10000) in paragraph at lines 208--209

 []


Underfull \hbox (badness 10000) in paragraph at lines 213--214

 []


Underfull \hbox (badness 10000) in paragraph at lines 219--220

 []


Underfull \hbox (badness 10000) in paragraph at lines 225--226

 []


Overfull \hbox (14.34515pt too wide) in paragraph at lines 237--239
\T1/lmr/m/n/12 Aktionen zum Er-stel-len, L-schen und n-dern der ent-spre-chen
-den Controller-Ressource(z.B.
 []


Overfull \hbox (10.66753pt too wide) in paragraph at lines 237--239
\T1/lmr/m/n/12 co-de der crudify-Methode auf-ge-fhrt, um den tat-sch-lich zur
 Lauf-zeit er-zeug-ten Controller-
 []


Overfull \vbox (1.76944pt too high) has occurred while \output is active []


[100] (./code/crudify_method.rb
Overfull \vbox (1.76944pt too high) has occurred while \output is active []


[101]
Overfull \vbox (1.76944pt too high) has occurred while \output is active []


[102]
Overfull \vbox (1.76944pt too high) has occurred while \output is active []


[103]
Overfull \vbox (1.76944pt too high) has occurred while \output is active []


[104]
Overfull \vbox (1.76944pt too high) has occurred while \output is active []


[105]
Overfull \vbox (1.76944pt too high) has occurred while \output is active []


[106])
Overfull \vbox (1.76944pt too high) has occurred while \output is active []


[107]
Overfull \vbox (1.76944pt too high) has occurred while \output is active []


[108] <pdf/extdirect.pdf, id=1796, page=1, 614.295pt x 794.97pt>
File: pdf/extdirect.pdf Graphic file (type pdf)

<use pdf/extdirect.pdf, page 1>
File: pdf/extdirect.pdf Graphic file (type pdf)
 <use pdf/extdirect.pdf, page 1>
File: pdf/extdirect.pdf Graphic file (type pdf)

<use pdf/extdirect.pdf, page 1>
File: pdf/extdirect.pdf Graphic file (type pdf)
 <use pdf/extdirect.pdf, page 1> [109 <./pdf/extdirect.pdf>] <pdf/extdirect.pdf
, id=1824, page=2, 614.295pt x 794.97pt>
File: pdf/extdirect.pdf Graphic file (type pdf)

<use pdf/extdirect.pdf, page 2>
File: pdf/extdirect.pdf Graphic file (type pdf)
 <use pdf/extdirect.pdf, page 2>
File: pdf/extdirect.pdf Graphic file (type pdf)

<use pdf/extdirect.pdf, page 2> [110 <./pdf/extdirect.pdf>]
<pdf/extdirect.pdf, id=1830, page=3, 614.295pt x 794.97pt>
File: pdf/extdirect.pdf Graphic file (type pdf)

<use pdf/extdirect.pdf, page 3>
File: pdf/extdirect.pdf Graphic file (type pdf)
 <use pdf/extdirect.pdf, page 3>
File: pdf/extdirect.pdf Graphic file (type pdf)

<use pdf/extdirect.pdf, page 3> [111 <./pdf/extdirect.pdf>]
<pdf/extdirect.pdf, id=1836, page=4, 614.295pt x 794.97pt>
File: pdf/extdirect.pdf Graphic file (type pdf)

<use pdf/extdirect.pdf, page 4>
File: pdf/extdirect.pdf Graphic file (type pdf)
 <use pdf/extdirect.pdf, page 4>
File: pdf/extdirect.pdf Graphic file (type pdf)

<use pdf/extdirect.pdf, page 4> [112 <./pdf/extdirect.pdf>]
<pdf/extdirect.pdf, id=1842, page=5, 614.295pt x 794.97pt>
File: pdf/extdirect.pdf Graphic file (type pdf)

<use pdf/extdirect.pdf, page 5>
File: pdf/extdirect.pdf Graphic file (type pdf)
 <use pdf/extdirect.pdf, page 5>
File: pdf/extdirect.pdf Graphic file (type pdf)

<use pdf/extdirect.pdf, page 5> [113 <./pdf/extdirect.pdf>]
<pdf/extdirect.pdf, id=1848, page=6, 614.295pt x 794.97pt>
File: pdf/extdirect.pdf Graphic file (type pdf)

<use pdf/extdirect.pdf, page 6>
File: pdf/extdirect.pdf Graphic file (type pdf)
 <use pdf/extdirect.pdf, page 6>
File: pdf/extdirect.pdf Graphic file (type pdf)

<use pdf/extdirect.pdf, page 6> [114 <./pdf/extdirect.pdf>]
<pdf/extdirect.pdf, id=1854, page=7, 614.295pt x 794.97pt>
File: pdf/extdirect.pdf Graphic file (type pdf)

<use pdf/extdirect.pdf, page 7>
File: pdf/extdirect.pdf Graphic file (type pdf)
 <use pdf/extdirect.pdf, page 7>
File: pdf/extdirect.pdf Graphic file (type pdf)

<use pdf/extdirect.pdf, page 7> [115 <./pdf/extdirect.pdf>]
Overfull \vbox (1.76944pt too high) has occurred while \output is active []


[116]
Overfull \hbox (4.96564pt too wide) in paragraph at lines 323--325
[]\T1/lmr/m/n/12 Im Index-HTML-View der Projekt-Ressource (http://localhost:300
0/projects) kann
 []

<images/anhang/extrbrowserrequest.png, id=1893, 1079.03125pt x 490.83376pt>
File: images/anhang/extrbrowserrequest.png Graphic file (type png)

<use images/anhang/extrbrowserrequest.png>

LaTeX Warning: `!h' float specifier changed to `!ht'.

)
Overfull \vbox (1.76944pt too high) has occurred while \output is active []


[117]
Underfull \vbox (badness 10000) has occurred while \output is active []


Overfull \vbox (1.76944pt too high) has occurred while \output is active []


[118 <./images/anhang/extrbrowserrequest.png>] (./railscms.bbl
Kapitel 8.
LaTeX Font Info:    Try loading font information for T1+ul9 on input line 14.
(/usr/local/share/texmf/tex/latex/luxi/t1ul9.fd
File: t1ul9.fd 2003/03/02 font definitions for LuxiMono T1/ul9
)
LaTeX Font Info:    Font shape `T1/ul9/m/n' will be
(Font)              scaled to size 10.20007pt on input line 14.

Underfull \hbox (badness 1383) in paragraph at lines 11--17
\T1/ul9/m/n/12 org / 2010 / 3 / 24 / rails-[]and-[]the-[]enterprise$[][]\T1/lmr
/m/n/12 .  Version:2010. --  Zu-griff:
 []


Underfull \hbox (badness 10000) in paragraph at lines 31--37
[][]$\T1/ul9/m/n/12 http : / / www . slideshare . net / foobar2605 / einfhrung-
[]in-[]ruby-[]on-[]rails$[][]\T1/lmr/m/n/12 .
 []


Underfull \hbox (badness 10000) in paragraph at lines 44--52
[]\T1/lmr/m/sc/12 Gnther\T1/lmr/m/n/12 , To-bi-as:  \T1/lmr/m/it/12 Theo-rie e
i-ner neu-en Web-Architektur in
 []


Underfull \hbox (badness 10000) in paragraph at lines 44--52
\T1/lmr/m/it/12 Ru-by On Rails: REST in Rails\T1/lmr/m/n/12 .  [][]$\T1/ul9/m/n
/12 http : / / t3n . de / magazin /
 []


Underfull \hbox (badness 10000) in paragraph at lines 44--52
\T1/ul9/m/n/12 rest-[]rails-[]teil-[]1-[]theorie-[]neuen-[]web-[]architektur-[]
ruby-[]219794/$[][]\T1/lmr/m/n/12 .
 []


Underfull \hbox (badness 1371) in paragraph at lines 59--66
[]\T1/lmr/m/sc/12 jdk\T1/lmr/m/n/12 :  \T1/lmr/m/it/12 Web Con-tent Ma-na-ge-me
nt Fea-tu-re-ma-trix\T1/lmr/m/n/12 .  [][]$\T1/ul9/m/n/12 http : / / www . jdk 
. de /
 []


Underfull \hbox (badness 10000) in paragraph at lines 59--66
\T1/ul9/m/n/12 de / cms / wcm-[]cms-[]web-[]content-[]management / wcm-[]featur
ematrix . html$[][]\T1/lmr/m/n/12 .
 []

[119


]
Underfull \hbox (badness 10000) in paragraph at lines 124--130
\T1/ul9/m/n/12 / / w3techs . com / technologies / overview / programming _ lang
uage / all$[][]\T1/lmr/m/n/12 .
 []

)
No file railscms.ind.

Overfull \vbox (1.76944pt too high) has occurred while \output is active []


[120] (./railscms.lot)
\tf@lot=\write8
\openout8 = `railscms.lot'.

 [121

] (./railscms.lof [122

])
\tf@lof=\write9
\openout9 = `railscms.lof'.



Class scrbook Warning: Usage of deprecated \float@listhead!
(scrbook)              You should use the features of package `tocbasic'
(scrbook)              instead of \float@listhead.
(scrbook)              Definition of \float@listhead my be removed from
(scrbook)              `scrbook' soon, so it should not be used  on input line 
64.


Overfull \vbox (1.76944pt too high) has occurred while \output is active []


[123] (./railscms.lol)
\tf@lol=\write10
\openout10 = `railscms.lol'.


No file railscms.nls.
[124

]
\openout2 = `chapters/selbst.aux'.

 (./chapters/selbst.tex) [125

] (./railscms.aux (./chapters/titlepage.aux)
(./chapters/vorwort.aux) (./chapters/grundlagen.aux)
(./chapters/cms_analyse.aux) (./chapters/probleme.aux)
(./chapters/alternativer_code.aux) (./chapters/fazit.aux)
(./chapters/anhang.aux) (./chapters/selbst.aux))

LaTeX Font Warning: Some font shapes were not available, defaults substituted.


LaTeX Warning: There were multiply-defined labels.

 ) 
Here is how much of TeX's memory you used:
 19387 strings out of 493848
 309408 string characters out of 1152823
 675700 words of memory out of 3000000
 21142 multiletter control sequences out of 15000+50000
 97228 words of font info for 70 fonts, out of 3000000 for 9000
 716 hyphenation exceptions out of 8191
 54i,16n,55p,1427b,2026s stack positions out of 5000i,500n,10000p,200000b,50000s
pdfTeX warning (dest): name{Hfootnote.33} has been referenced but does not ex
ist, replaced by a fixed one

{/usr/share/texmf-texlive/fonts/enc/dvips/base/8r.enc}{/usr/share/texmf/fonts/e
nc/dvips/lm/lm-ec.enc}{/usr/share/texmf/fonts/enc/dvips/lm/lm-mathsy.enc}</usr/
share/texmf/fonts/type1/public/lm/lmbx12.pfb></usr/share/texmf/fonts/type1/publ
ic/lm/lmbx8.pfb></usr/share/texmf/fonts/type1/public/lm/lmbxi10.pfb></usr/share
/texmf/fonts/type1/public/lm/lmcsc10.pfb></usr/share/texmf/fonts/type1/public/l
m/lmr10.pfb></usr/share/texmf/fonts/type1/public/lm/lmr12.pfb></usr/share/texmf
/fonts/type1/public/lm/lmr6.pfb></usr/share/texmf/fonts/type1/public/lm/lmr7.pf
b></usr/share/texmf/fonts/type1/public/lm/lmr8.pfb></usr/share/texmf/fonts/type
1/public/lm/lmri10.pfb></usr/share/texmf/fonts/type1/public/lm/lmri12.pfb></usr
/share/texmf/fonts/type1/public/lm/lmri8.pfb></usr/share/texmf/fonts/type1/publ
ic/lm/lmssbx10.pfb></usr/share/texmf/fonts/type1/public/lm/lmsy10.pfb></usr/sha
re/texmf/fonts/type1/public/lm/lmsy8.pfb></usr/share/texmf-texlive/fonts/type1/
urw/courier/ucrr8a.pfb></usr/local/share/texmf/fonts/type1/bh/luxi/ul9r8a.pfb>
Output written on railscms.pdf (125 pages, 3014582 bytes).
PDF statistics:
 2281 PDF objects out of 2487 (max. 8388607)
 898 named destinations out of 1000 (max. 500000)
 740 words of extra memory for PDF output out of 10000 (max. 10000000)

