\BOOKMARK [0][-]{chapter.1}{1 Einleitung}{}
\BOOKMARK [1][-]{section.1.1}{1.1 Ausgangslage}{chapter.1}
\BOOKMARK [1][-]{section.1.2}{1.2 Motivation und Zielsetzung}{chapter.1}
\BOOKMARK [1][-]{section.1.3}{1.3 Aufbau der Arbeit}{chapter.1}
\BOOKMARK [0][-]{chapter.2}{2 Analyse der bestehenden Content Management Systeme}{}
\BOOKMARK [1][-]{section.2.1}{2.1 Vorbetrachtungen}{chapter.2}
\BOOKMARK [1][-]{section.2.2}{2.2 Vorstellung Alchemy CMS}{chapter.2}
\BOOKMARK [1][-]{section.2.3}{2.3 Vorstellung Browser CMS}{chapter.2}
\BOOKMARK [2][-]{subsection.2.3.1}{2.3.1 Funktionsprinzipien}{section.2.3}
\BOOKMARK [2][-]{subsection.2.3.2}{2.3.2 Erweiterungen}{section.2.3}
\BOOKMARK [2][-]{subsection.2.3.3}{2.3.3 Verwendete Technologien}{section.2.3}
\BOOKMARK [1][-]{section.2.4}{2.4 Vorstellung Locomotive CMS}{chapter.2}
\BOOKMARK [2][-]{subsection.2.4.1}{2.4.1 Funktionsprinzipien}{section.2.4}
\BOOKMARK [2][-]{subsection.2.4.2}{2.4.2 Erweiterungen}{section.2.4}
\BOOKMARK [2][-]{subsection.2.4.3}{2.4.3 Verwendete Technologien}{section.2.4}
\BOOKMARK [1][-]{section.2.5}{2.5 Vorstellung Refinery CMS}{chapter.2}
\BOOKMARK [2][-]{subsection.2.5.1}{2.5.1 Funktionsprinzipien}{section.2.5}
\BOOKMARK [2][-]{subsection.2.5.2}{2.5.2 Erweiterungen}{section.2.5}
\BOOKMARK [2][-]{subsection.2.5.3}{2.5.3 Verwendete Technologien}{section.2.5}
\BOOKMARK [1][-]{section.2.6}{2.6 Analyseverfahren}{chapter.2}
\BOOKMARK [1][-]{section.2.7}{2.7 Durchf\374hrung der Analyse}{chapter.2}
\BOOKMARK [0][-]{chapter.3}{3 L\366sungsvorschl\344ge}{}
\BOOKMARK [1][-]{section.3.1}{3.1 \334bertragung der Konzepte des Domain Driven Design auf Ruby on Rails}{chapter.3}
\BOOKMARK [1][-]{section.3.2}{3.2 Implementierung eines Ruby on Rails Java Content Repository}{chapter.3}
\BOOKMARK [1][-]{section.3.3}{3.3 \334bertragung des Typo3 5.0 Phoenix User-Interfaces in Rails 3.1}{chapter.3}
\BOOKMARK [0][-]{chapter.4}{4 Anhang}{}
\BOOKMARK [1][-]{section.4.1}{4.1 Liste bestehender Rails 2 und 3 Web Content Management Systeme}{chapter.4}
\BOOKMARK [1][-]{section.4.2}{4.2 Ext-Direct Spezifikation f\374r Ext Js 3.0}{chapter.4}
